
Bookモデルのテスト
  バリデーションのテスト
    titleカラム
[32m      空欄でないこと[0m
    bodyカラム
[32m      空欄でないこと[0m
[32m      200文字以下であること: 200文字は〇[0m
[32m      200文字以下であること: 201文字は×[0m
  アソシエーションのテスト
    Userモデルとの関係
[32m      N:1となっている[0m

Userモデルのテスト
  バリデーションのテスト
    nameカラム
[32m      空欄でないこと[0m
[32m      2文字以上であること: 1文字は×[0m
[32m      2文字以上であること: 2文字は〇[0m
[32m      20文字以下であること: 20文字は〇[0m
[32m      20文字以下であること: 21文字は×[0m
[32m      一意性があること[0m
    introductionカラム
[32m      50文字以下であること: 50文字は〇[0m
[32m      50文字以下であること: 51文字は×[0m
  アソシエーションのテスト
    Bookモデルとの関係
[32m      1:Nとなっている[0m

BookCommentモデルのテスト
  バリデーションのテスト
    commentカラム
[31m      空欄でないこと (FAILED - 1)[0m
  アソシエーションのテスト
    Userモデルとの関係
[32m      N:1となっている[0m
    Bookモデルとの関係
[32m      N:1となっている[0m

Bookモデルのテスト
  バリデーションのテスト
    titleカラム
[32m      空欄でないこと[0m
    bodyカラム
[32m      空欄でないこと[0m
[32m      200文字以下であること[0m
  アソシエーションのテスト
    Userモデルとの関係
[32m      N:1となっている[0m

Favoriteモデルのテスト
  バリデーションのテスト
    一意性の確認
[31m      1ユーザーが1つの本に対し、2回以上いいねできない (FAILED - 2)[0m
  アソシエーションのテスト
    Userモデルとの関係
[32m      N:1となっている[0m
    Bookモデルとの関係
[32m      N:1となっている[0m

Userモデルのテスト
  バリデーションのテスト
    nameカラム
[32m      空欄でないこと[0m
[32m      2文字以上であること[0m
[32m      20文字以下であること[0m
    introductionカラム
[32m      50文字以下であること[0m
  アソシエーションのテスト
    Bookモデルとの関係
[32m      1:Nとなっている[0m

投稿のテスト
  サイドバーのテスト
    表示の確認
[31m      New bookと表示される (FAILED - 3)[0m
[31m      titleフォームが表示される (FAILED - 4)[0m
[31m      opinionフォームが表示される (FAILED - 5)[0m
[31m      Create Bookボタンが表示される (FAILED - 6)[0m
[31m      投稿に成功する (FAILED - 7)[0m
[31m      投稿に失敗する (FAILED - 8)[0m
  編集のテスト
    自分の投稿の編集画面への遷移
[31m      遷移できる (FAILED - 9)[0m
    他人の投稿の編集画面への遷移
[31m      遷移できない (FAILED - 10)[0m
    表示の確認
[31m      Editing Bookと表示される (FAILED - 11)[0m
[31m      title編集フォームが表示される (FAILED - 12)[0m
[31m      opinion編集フォームが表示される (FAILED - 13)[0m
[31m      Showリンクが表示される (FAILED - 14)[0m
[31m      Backリンクが表示される (FAILED - 15)[0m
    フォームの確認
[31m      編集に成功する (FAILED - 16)[0m
[31m      編集に失敗する (FAILED - 17)[0m
  一覧画面のテスト
    表示の確認
[31m      Booksと表示される (FAILED - 18)[0m
[31m      自分と他人の画像のリンク先が正しい (FAILED - 19)[0m
[31m      自分と他人のタイトルのリンク先が正しい (FAILED - 20)[0m
[31m      自分と他人のオピニオンが表示される (FAILED - 21)[0m
[31m      いいねのハートが表示される (FAILED - 22)[0m
[31m      いいねのハートが表示される (FAILED - 23)[0m
[31m      コメント数が表示される (FAILED - 24)[0m
    いいね機能のテスト
[31m      いいね登録ができる (FAILED - 25)[0m
[31m      いいね解除ができる (FAILED - 26)[0m
  詳細画面のテスト
    自分・他人共通の投稿詳細画面の表示を確認
[31m      Book detailと表示される (FAILED - 27)[0m
[31m      ユーザー画像・名前のリンク先が正しい (FAILED - 28)[0m
[31m      投稿のtitleが表示される (FAILED - 29)[0m
[31m      投稿のopinionが表示される (FAILED - 30)[0m
[31m      いいね数が表示される (FAILED - 31)[0m
[31m      コメント数が表示される (FAILED - 32)[0m
[31m      いいね登録ができる (FAILED - 33)[0m
[31m      いいね解除ができる (FAILED - 34)[0m
[31m      コメント投稿に成功する (FAILED - 35)[0m
[31m      他ユーザーのコメントは削除ボタンが表示されない (FAILED - 36)[0m
[31m      コメント投稿に失敗する (FAILED - 37)[0m
    自分の投稿詳細画面の表示を確認
[31m      投稿の編集リンクが表示される (FAILED - 38)[0m
[31m      投稿の削除リンクが表示される (FAILED - 39)[0m
    他人の投稿詳細画面の表示を確認
[31m      投稿の編集リンクが表示されない (FAILED - 40)[0m
[31m      投稿の削除リンクが表示されない (FAILED - 41)[0m

bootstrapのテスト
  グリッドシステムのテスト
    ユーザー関連画面
[31m      一覧画面 (FAILED - 42)[0m
[31m      詳細画面 (FAILED - 43)[0m
    投稿関連画面
[31m      一覧画面 (FAILED - 44)[0m
[31m      詳細画面 (FAILED - 45)[0m

ヘッダーのテスト
  ログインしていない場合
    ヘッダーの表示を確認
[31m      タイトルが表示される (FAILED - 46)[0m
[31m      Homeリンクが表示される (FAILED - 47)[0m
[31m      Aboutリンクが表示される (FAILED - 48)[0m
[31m      Sign upリンクが表示される (FAILED - 49)[0m
[31m      loginリンクが表示される (FAILED - 50)[0m
    ヘッダーのリンクを確認
[31m      Home画面に遷移する (FAILED - 51)[0m
[31m      About画面に遷移する (FAILED - 52)[0m
[31m      新規登録画面に遷移する (FAILED - 53)[0m
[31m      ログイン画面に遷移する (FAILED - 54)[0m
  ログインしている場合
    ヘッダーの表示を確認
[31m      タイトルが表示される (FAILED - 55)[0m
[31m      Homeリンクが表示される (FAILED - 56)[0m
[31m      Usersリンクが表示される (FAILED - 57)[0m
[31m      Booksリンクが表示される (FAILED - 58)[0m
[31m      logoutリンクが表示される (FAILED - 59)[0m
    ヘッダーのリンクを確認
[31m      Home画面に遷移する (FAILED - 60)[0m
[31m      Users画面に遷移する (FAILED - 61)[0m
[31m      Books画面に遷移する (FAILED - 62)[0m
[31m      logoutする (FAILED - 63)[0m

ユーザー権限のテスト
  ログインしていない場合
    投稿関連のURLにアクセス
[31m      一覧画面に遷移できない (FAILED - 64)[0m
[31m      編集画面に遷移できない (FAILED - 65)[0m
[31m      詳細画面に遷移できない (FAILED - 66)[0m
  ログインしていない場合にユーザー関連のURLにアクセス
    ユーザー関連のURLにアクセス
[31m      一覧画面に遷移できない (FAILED - 67)[0m
[31m      編集画面に遷移できない (FAILED - 68)[0m
[31m      詳細画面に遷移でない (FAILED - 69)[0m

トップページのテスト
  ボディ部分のテスト
    表示の確認
[31m      Log inリンクが表示される (FAILED - 70)[0m
[31m      Sign Upリンクが表示される (FAILED - 71)[0m
    ログインしている場合の挙動を確認
[31m      Log inリンクをクリックしたらユーザー詳細画面へ遷移する (FAILED - 72)[0m
[31m      Sign Upリンクをクリックしたらユーザー詳細画面に遷移する (FAILED - 73)[0m
    ログインしていない場合の挙動を確認
[31m      Log inリンクをクリックしたらログイン画面へ遷移する (FAILED - 74)[0m
[31m      Sign Upリンクをクリックしたら新規登録画面に遷移する (FAILED - 75)[0m

ユーザー認証のテスト
  ユーザー新規登録
    新規登録画面に遷移
[31m      新規登録に成功する (FAILED - 76)[0m
[31m      新規登録に失敗する (FAILED - 77)[0m
  ユーザーログイン
    ログイン画面に遷移
[31m      ログインに成功する (FAILED - 78)[0m
[31m      ログインに失敗する (FAILED - 79)[0m

ユーザーのテスト
  サイドバーのテスト
    表示の確認
[31m      User infoと表示される (FAILED - 80)[0m
[31m      画像が表示される (FAILED - 81)[0m
[31m      名前が表示される (FAILED - 82)[0m
[31m      自己紹介が表示される (FAILED - 83)[0m
[31m      編集リンクが表示される (FAILED - 84)[0m
  編集のテスト
    自分の編集画面への遷移
[31m      遷移できる (FAILED - 85)[0m
    他人の編集画面への遷移
[31m      遷移できない (FAILED - 86)[0m
    表示の確認
[31m      User infoと表示される (FAILED - 87)[0m
[31m      名前編集フォームに自分の名前が表示される (FAILED - 88)[0m
[31m      画像編集フォームが表示される (FAILED - 89)[0m
[31m      自己紹介編集フォームに自分の自己紹介が表示される (FAILED - 90)[0m
[31m      編集に成功する (FAILED - 91)[0m
[31m      編集に失敗する (FAILED - 92)[0m
  一覧画面のテスト
    表示の確認
[31m      Usersと表示される (FAILED - 93)[0m
[31m      自分と他の人の画像が表示される (FAILED - 94)[0m
[31m      自分と他の人の名前が表示される (FAILED - 95)[0m
[31m      showリンクが表示される (FAILED - 96)[0m
  詳細画面のテスト
    表示の確認
[31m      Booksと表示される (FAILED - 97)[0m
[31m      投稿一覧のユーザーの画像のリンク先が正しい (FAILED - 98)[0m
[31m      投稿一覧のtitleのリンク先が正しい (FAILED - 99)[0m
[31m      投稿一覧にopinionが表示される (FAILED - 100)[0m

[STEP1] ユーザログイン前のテスト
  トップ画面のテスト
    表示内容の確認
[32m      URLが正しい[0m
[32m      Log inリンクが表示される: 左上から5番目のリンクが「Log in」である[0m
[32m      Log inリンクの内容が正しい[0m
[32m      Sign Upリンクが表示される: 左上から6番目のリンクが「Sign Up」である[0m
[32m      Sign Upリンクの内容が正しい[0m
  アバウト画面のテスト
    表示内容の確認
[32m      URLが正しい[0m
  ヘッダーのテスト: ログインしていない場合
    表示内容の確認
[32m      タイトルが表示される[0m
[32m      Homeリンクが表示される: 左上から1番目のリンクが「Home」である[0m
[32m      Aboutリンクが表示される: 左上から2番目のリンクが「About」である[0m
[32m      sign upリンクが表示される: 左上から3番目のリンクが「sign up」である[0m
[32m      loginリンクが表示される: 左上から4番目のリンクが「login」である[0m
    リンクの内容を確認
[32m      Homeを押すと、トップ画面に遷移する[0m
[32m      Aboutを押すと、アバウト画面に遷移する[0m
[32m      sign upを押すと、新規登録画面に遷移する[0m
[32m      loginを押すと、ログイン画面に遷移する[0m
  ユーザ新規登録のテスト
    表示内容の確認
[32m      URLが正しい[0m
[32m      「Sign up」と表示される[0m
[32m      nameフォームが表示される[0m
[32m      emailフォームが表示される[0m
[32m      passwordフォームが表示される[0m
[32m      password_confirmationフォームが表示される[0m
[32m      Sign upボタンが表示される[0m
    新規登録成功のテスト
[32m      正しく新規登録される[0m
[32m      新規登録後のリダイレクト先が、新規登録できたユーザの詳細画面になっている[0m
  ユーザログイン
    表示内容の確認
[32m      URLが正しい[0m
[32m      「Log in」と表示される[0m
[32m      nameフォームが表示される[0m
[32m      passwordフォームが表示される[0m
[32m      Sign upボタンが表示される[0m
[32m      emailフォームは表示されない[0m
    ログイン成功のテスト
[32m      ログイン後のリダイレクト先が、ログインしたユーザの詳細画面になっている[0m
    ログイン失敗のテスト
[32m      ログインに失敗し、ログイン画面にリダイレクトされる[0m
  ヘッダーのテスト: ログインしている場合
    ヘッダーの表示を確認
[32m      タイトルが表示される[0m
[32m      Homeリンクが表示される: 左上から1番目のリンクが「Home」である[0m
[32m      Usersリンクが表示される: 左上から2番目のリンクが「Users」である[0m
[32m      Booksリンクが表示される: 左上から3番目のリンクが「Books」である[0m
[32m      log outリンクが表示される: 左上から4番目のリンクが「logout」である[0m
  ユーザログアウトのテスト
    ログアウト機能のテスト
[32m      正しくログアウトできている: ログアウト後のリダイレクト先においてAbout画面へのリンクが存在する[0m
[32m      ログアウト後のリダイレクト先が、トップになっている[0m

[STEP2] ユーザログイン後のテスト
  ヘッダーのテスト: ログインしている場合
    リンクの内容を確認: ※logoutは『ユーザログアウトのテスト』でテスト済みになります。
[32m      Homeを押すと、自分のユーザ詳細画面に遷移する[0m
[32m      Usersを押すと、ユーザ一覧画面に遷移する[0m
[32m      Booksを押すと、投稿一覧画面に遷移する[0m
  投稿一覧画面のテスト
    表示内容の確認
[32m      URLが正しい[0m
[32m      自分と他人の画像のリンク先が正しい[0m
[32m      自分の投稿と他人の投稿のタイトルのリンク先がそれぞれ正しい[0m
[32m      自分の投稿と他人の投稿のオピニオンが表示される[0m
    サイドバーの確認
[32m      自分の名前と紹介文が表示される[0m
[32m      自分のユーザ編集画面へのリンクが存在する[0m
[32m      「New book」と表示される[0m
[32m      titleフォームが表示される[0m
[32m      titleフォームに値が入っていない[0m
[32m      opinionフォームが表示される[0m
[32m      opinionフォームに値が入っていない[0m
[32m      Create Bookボタンが表示される[0m
    投稿成功のテスト
[32m      自分の新しい投稿が正しく保存される[0m
[32m      リダイレクト先が、保存できた投稿の詳細画面になっている[0m
  自分の投稿詳細画面のテスト
    表示内容の確認
[32m      URLが正しい[0m
[32m      「Book detail」と表示される[0m
[32m      ユーザ画像・名前のリンク先が正しい[0m
[32m      投稿のtitleが表示される[0m
[32m      投稿のopinionが表示される[0m
[32m      投稿の編集リンクが表示される[0m
[32m      投稿の削除リンクが表示される[0m
    サイドバーの確認
[32m      自分の名前と紹介文が表示される[0m
[32m      自分のユーザ編集画面へのリンクが存在する[0m
[32m      「New book」と表示される[0m
[32m      titleフォームが表示される[0m
[32m      titleフォームに値が入っていない[0m
                                                                                                                                                                                                                                                                                                                                                                                                                            [32m      リダイレクト先が、投稿一覧画面になっている[0m
  自分の投稿編集画面のテスト
    表示の確認
[32m      URLが正しい[0m
[32m      「Editing Book」と表示される[0m
[32m      title編集フォームが表示される[0m
[32m      opinion編集フォームが表示される[0m
[32m      Update Bookボタンが表示される[0m
[32m      Showリンクが表示される[0m
[32m      Backリンクが表示される[0m
    編集成功のテスト
[32m      titleが正しく更新される[0m
[32m      bodyが正しく更新される[0m
[32m      リダイレクト先が、更新した投稿の詳細画面になっている[0m
  ユーザ一覧画面のテスト
    表示内容の確認
[32m      URLが正しい[0m
[32m      自分と他人の画像が表示される: fallbackの画像がサイドバーの1つ＋一覧(2人)の2つの計3つ存在する[0m
[32m      自分と他人の名前がそれぞれ表示される[0m
[32m      自分と他人のshowリンクがそれぞれ表示される[0m
    サイドバーの確認
[32m      自分の名前と紹介文が表示される[0m
[32m      自分のユーザ編集画面へのリンクが存在する[0m
[32m      「New book」と表示される[0m
[32m      titleフォームが表示される[0m
[32m      titleフォームに値が入っていない[0m
[32m      opinionフォームが表示される[0m
[32m      opinionフォームに値が入っていない[0m
[32m      Create Bookボタンが表示される[0m
  自分のユーザ詳細画面のテスト
    表示の確認
[32m      URLが正しい[0m
[32m      投稿一覧のユーザ画像のリンク先が正しい[0m
[32m      投稿一覧に自分の投稿のtitleが表示され、リンクが正しい[0m
[32m      投稿一覧に自分の投稿のopinionが表示される[0m
[32m      他人の投稿は表示されない[0m
    サイドバーの確認
[32m      自分の名前と紹介文が表示される[0m
[32m      自分のユーザ編集画面へのリンクが存在する[0m
[32m      「New book」と表示される[0m
[32m      titleフォームが表示される[0m
[32m      titleフォームに値が入っていない[0m
[32m      opinionフォームが表示される[0m
[32m      opinionフォームに値が入っていない[0m
[32m      Create Bookボタンが表示される[0m
  自分のユーザ情報編集画面のテスト
    表示の確認
[32m      URLが正しい[0m
[32m      名前編集フォームに自分の名前が表示される[0m
[32m      画像編集フォームが表示される[0m
[32m      自己紹介編集フォームに自分の自己紹介文が表示される[0m
[32m      Update Userボタンが表示される[0m
    更新成功のテスト
[32m      nameが正しく更新される[0m
[32m      introductionが正しく更新される[0m
[32m      リダイレクト先が、自分のユーザ詳細画面になっている[0m

[STEP3] 仕上げのテスト
  サクセスメッセージのテスト
[32m    ユーザ新規登録成功時[0m
[32m    ユーザログイン成功時[0m
[32m    ユーザログアウト成功時[0m
[32m    ユーザのプロフィール情報更新成功時[0m
[32m    投稿データの新規投稿成功時: 投稿一覧画面から行います。[0m
[32m    投稿データの更新成功時[0m
  処理失敗時のテスト
    ユーザ新規登録失敗: nameを1文字にする
[32m      新規登録されない[0m
[32m      新規登録画面を表示しており、フォームの内容が正しい[0m
[32m      バリデーションエラーが表示される[0m
    ユーザのプロフィール情報編集失敗: nameを1文字にする
[32m      更新されない[0m
[32m      ユーザ編集画面を表示しており、フォームの内容が正しい[0m
[32m      バリデーションエラーが表示される[0m
    投稿データの新規投稿失敗: 投稿一覧画面から行い、titleを空にする
[32m      投稿が保存されない[0m
[32m      投稿一覧画面を表示している[0m
[32m      新規投稿フォームの内容が正しい[0m
[32m      バリデーションエラーが表示される[0m
    投稿データの更新失敗: titleを空にする
[32m      投稿が更新されない[0m
[32m      投稿編集画面を表示しており、フォームの内容が正しい[0m
[32m      エラーメッセージが表示される[0m
  ログインしていない場合のアクセス制限のテスト: アクセスできず、ログイン画面に遷移する
[32m    ユーザ一覧画面[0m
[32m    ユーザ詳細画面[0m
[32m    ユーザ情報編集画面[0m
[32m    投稿一覧画面[0m
[32m    投稿詳細画面[0m
[32m    投稿編集画面[0m
  他人の画面のテスト
    他人の投稿詳細画面のテスト
      表示内容の確認
[32m        URLが正しい[0m
[32m        「Book detail」と表示される[0m
[32m        ユーザ画像・名前のリンク先が正しい[0m
[32m        投稿のtitleが表示される[0m
[32m        投稿のopinionが表示される[0m
[32m        投稿の編集リンクが表示されない[0m
[32m        投稿の削除リンクが表示されない[0m
      サイドバーの確認
[32m        他人の名前と紹介文が表示される[0m
[32m        他人のユーザ編集画面へのリンクが存在する[0m
[32m        自分の名前と紹介文は表示されない[0m
[32m        自分のユーザ編集画面へのリンクは存在しない[0m
    他人の投稿編集画面
[32m      遷移できず、投稿一覧画面にリダイレクトされる[0m
    他人のユーザ詳細画面のテスト
      表示の確認
[32m        URLが正しい[0m
[32m        投稿一覧のユーザ画像のリンク先が正しい[0m
[32m        投稿一覧に他人の投稿のtitleが表示され、リンクが正しい[0m
[32m        投稿一覧に他人の投稿のopinionが表示される[0m
[32m        自分の投稿は表示されない[0m
      サイドバーの確認
[32m        他人の名前と紹介文が表示される[0m
[32m        他人のユーザ編集画面へのリンクが存在する[0m
[32m        自分の名前と紹介文は表示されない[0m
[32m        自分のユーザ編集画面へのリンクは存在しない[0m
    他人のユーザ情報編集画面
[32m      遷移できず、自分のユーザ詳細画面にリダイレクトされる[0m
  グリッドシステムのテスト: container, row, col-xs-〇を正しく使えている
[32m    ユーザ一覧画面[0m
[32m    ユーザ詳細画面[0m
[32m    投稿一覧画面[0m
[32m    投稿詳細画面[0m
  アイコンのテスト
    トップ画面
[32m      本のアイコンが表示される[0m
    アバウト画面
[32m      本のアイコンが表示される[0m
    ヘッダー: ログインしていない場合
[32m      Homeリンクのアイコンが表示される[0m
[32m      Aboutリンクのアイコンが表示される[0m
[32m      sign upリンクのアイコンが表示される[0m
[32m      loginリンクのアイコンが表示される[0m
    ヘッダー: ログインしている場合
[32m      Homeリンクのアイコンが表示される[0m
[32m      Usersリンクのアイコンが表示される[0m
[32m      Booksリンクのアイコンが表示される[0m
[32m      log outリンクのアイコンが表示される[0m
    サイドバー
[32m      ユーザ一覧画面でレンチアイコンが表示される[0m
[32m      ユーザ詳細画面でレンチアイコンが表示される[0m
[32m      投稿一覧画面でレンチアイコンが表示される[0m
[32m      投稿詳細画面でレンチアイコンが表示される[0m

Failures:

  1) BookCommentモデルのテスト バリデーションのテスト commentカラム 空欄でないこと
     [31mFailure/Error: let!(:book_comment) { build(:book_comment, book_id: book.id, user_id: user.id) }[0m
     [31m[0m
     [31mKeyError:[0m
     [31m  Factory not registered: "book_comment"[0m
     [36m# /home/ec2-user/.rvm/gems/ruby-2.6.3/gems/factory_bot-6.1.0/lib/factory_bot/registry.rb:23:in `find'[0m
     [36m# /home/ec2-user/.rvm/gems/ruby-2.6.3/gems/factory_bot-6.1.0/lib/factory_bot/decorator.rb:21:in `method_missing'[0m
     [36m# /home/ec2-user/.rvm/gems/ruby-2.6.3/gems/factory_bot-6.1.0/lib/factory_bot/internal.rb:70:in `factory_by_name'[0m
     [36m# /home/ec2-user/.rvm/gems/ruby-2.6.3/gems/factory_bot-6.1.0/lib/factory_bot/factory_runner.rb:12:in `run'[0m
     [36m# /home/ec2-user/.rvm/gems/ruby-2.6.3/gems/factory_bot-6.1.0/lib/factory_bot/strategy_syntax_method_registrar.rb:28:in `block in define_singular_strategy_method'[0m
     [36m# ./spec/spec-2/models/book_comment_spec.rb:8:in `block (3 levels) in <main>'[0m
     [36m# ------------------[0m
     [36m# --- Caused by: ---[0m
     [36m# KeyError:[0m
     [36m#   key not found: "book_comment"[0m
     [36m#   /home/ec2-user/.rvm/gems/ruby-2.6.3/gems/factory_bot-6.1.0/lib/factory_bot/registry.rb:23:in `find'[0m

  2) Favoriteモデルのテスト バリデーションのテスト 一意性の確認 1ユーザーが1つの本に対し、2回以上いいねできない
     [31mFailure/Error: let!(:favorite_first) { create(:favorite, book_id: book.id, user_id: user.id) }[0m
     [31m[0m
     [31mKeyError:[0m
     [31m  Factory not registered: "favorite"[0m
     [36m# /home/ec2-user/.rvm/gems/ruby-2.6.3/gems/factory_bot-6.1.0/lib/factory_bot/registry.rb:23:in `find'[0m
     [36m# /home/ec2-user/.rvm/gems/ruby-2.6.3/gems/factory_bot-6.1.0/lib/factory_bot/decorator.rb:21:in `method_missing'[0m
     [36m# /home/ec2-user/.rvm/gems/ruby-2.6.3/gems/factory_bot-6.1.0/lib/factory_bot/internal.rb:70:in `factory_by_name'[0m
     [36m# /home/ec2-user/.rvm/gems/ruby-2.6.3/gems/factory_bot-6.1.0/lib/factory_bot/factory_runner.rb:12:in `run'[0m
     [36m# /home/ec2-user/.rvm/gems/ruby-2.6.3/gems/factory_bot-6.1.0/lib/factory_bot/strategy_syntax_method_registrar.rb:28:in `block in define_singular_strategy_method'[0m
     [36m# ./spec/spec-2/models/favorite_spec.rb:6:in `block (3 levels) in <main>'[0m
     [36m# ------------------[0m
     [36m# --- Caused by: ---[0m
     [36m# KeyError:[0m
     [36m#   key not found: "favorite"[0m
     [36m#   /home/ec2-user/.rvm/gems/ruby-2.6.3/gems/factory_bot-6.1.0/lib/factory_bot/registry.rb:23:in `find'[0m

  3) 投稿のテスト サイドバーのテスト 表示の確認 New bookと表示される
     [31mFailure/Error: let!(:book2_comment) { create(:book_comment, user: user2, book: book2) }[0m
     [31m[0m
     [31mKeyError:[0m
     [31m  Factory not registered: "book_comment"[0m
     [36m# /home/ec2-user/.rvm/gems/ruby-2.6.3/gems/factory_bot-6.1.0/lib/factory_bot/registry.rb:23:in `find'[0m
     [36m# /home/ec2-user/.rvm/gems/ruby-2.6.3/gems/factory_bot-6.1.0/lib/factory_bot/decorator.rb:21:in `method_missing'[0m
     [36m# /home/ec2-user/.rvm/gems/ruby-2.6.3/gems/factory_bot-6.1.0/lib/factory_bot/internal.rb:70:in `factory_by_name'[0m
     [36m# /home/ec2-user/.rvm/gems/ruby-2.6.3/gems/factory_bot-6.1.0/lib/factory_bot/factory_runner.rb:12:in `run'[0m
     [36m# /home/ec2-user/.rvm/gems/ruby-2.6.3/gems/factory_bot-6.1.0/lib/factory_bot/strategy_syntax_method_registrar.rb:28:in `block in define_singular_strategy_method'[0m
     [36m# ./spec/spec-2/system/books_spec.rb:8:in `block (2 levels) in <main>'[0m
     [36m# ------------------[0m
     [36m# --- Caused by: ---[0m
     [36m# KeyError:[0m
     [36m#   key not found: "book_comment"[0m
     [36m#   /home/ec2-user/.rvm/gems/ruby-2.6.3/gems/factory_bot-6.1.0/lib/factory_bot/registry.rb:23:in `find'[0m

  4) 投稿のテスト サイドバーのテスト 表示の確認 titleフォームが表示される
     [31mFailure/Error: let!(:book2_comment) { create(:book_comment, user: user2, book: book2) }[0m
     [31m[0m
     [31mKeyError:[0m
     [31m  Factory not registered: "book_comment"[0m
     [36m# /home/ec2-user/.rvm/gems/ruby-2.6.3/gems/factory_bot-6.1.0/lib/factory_bot/registry.rb:23:in `find'[0m
     [36m# /home/ec2-user/.rvm/gems/ruby-2.6.3/gems/factory_bot-6.1.0/lib/factory_bot/decorator.rb:21:in `method_missing'[0m
     [36m# /home/ec2-user/.rvm/gems/ruby-2.6.3/gems/factory_bot-6.1.0/lib/factory_bot/internal.rb:70:in `factory_by_name'[0m
     [36m# /home/ec2-user/.rvm/gems/ruby-2.6.3/gems/factory_bot-6.1.0/lib/factory_bot/factory_runner.rb:12:in `run'[0m
     [36m# /home/ec2-user/.rvm/gems/ruby-2.6.3/gems/factory_bot-6.1.0/lib/factory_bot/strategy_syntax_method_registrar.rb:28:in `block in define_singular_strategy_method'[0m
     [36m# ./spec/spec-2/system/books_spec.rb:8:in `block (2 levels) in <main>'[0m
     [36m# ------------------[0m
     [36m# --- Caused by: ---[0m
     [36m# KeyError:[0m
     [36m#   key not found: "book_comment"[0m
     [36m#   /home/ec2-user/.rvm/gems/ruby-2.6.3/gems/factory_bot-6.1.0/lib/factory_bot/registry.rb:23:in `find'[0m

  5) 投稿のテスト サイドバーのテスト 表示の確認 opinionフォームが表示される
     [31mFailure/Error: let!(:book2_comment) { create(:book_comment, user: user2, book: book2) }[0m
     [31m[0m
     [31mKeyError:[0m
     [31m  Factory not registered: "book_comment"[0m
     [36m# /home/ec2-user/.rvm/gems/ruby-2.6.3/gems/factory_bot-6.1.0/lib/factory_bot/registry.rb:23:in `find'[0m
     [36m# /home/ec2-user/.rvm/gems/ruby-2.6.3/gems/factory_bot-6.1.0/lib/factory_bot/decorator.rb:21:in `method_missing'[0m
     [36m# /home/ec2-user/.rvm/gems/ruby-2.6.3/gems/factory_bot-6.1.0/lib/factory_bot/internal.rb:70:in `factory_by_name'[0m
     [36m# /home/ec2-user/.rvm/gems/ruby-2.6.3/gems/factory_bot-6.1.0/lib/factory_bot/factory_runner.rb:12:in `run'[0m
     [36m# /home/ec2-user/.rvm/gems/ruby-2.6.3/gems/factory_bot-6.1.0/lib/factory_bot/strategy_syntax_method_registrar.rb:28:in `block in define_singular_strategy_method'[0m
     [36m# ./spec/spec-2/system/books_spec.rb:8:in `block (2 levels) in <main>'[0m
     [36m# ------------------[0m
     [36m# --- Caused by: ---[0m
     [36m# KeyError:[0m
     [36m#   key not found: "book_comment"[0m
     [36m#   /home/ec2-user/.rvm/gems/ruby-2.6.3/gems/factory_bot-6.1.0/lib/factory_bot/registry.rb:23:in `find'[0m

  6) 投稿のテスト サイドバーのテスト 表示の確認 Create Bookボタンが表示される
     [31mFailure/Error: let!(:book2_comment) { create(:book_comment, user: user2, book: book2) }[0m
     [31m[0m
     [31mKeyError:[0m
     [31m  Factory not registered: "book_comment"[0m
     [36m# /home/ec2-user/.rvm/gems/ruby-2.6.3/gems/factory_bot-6.1.0/lib/factory_bot/registry.rb:23:in `find'[0m
     [36m# /home/ec2-user/.rvm/gems/ruby-2.6.3/gems/factory_bot-6.1.0/lib/factory_bot/decorator.rb:21:in `method_missing'[0m
     [36m# /home/ec2-user/.rvm/gems/ruby-2.6.3/gems/factory_bot-6.1.0/lib/factory_bot/internal.rb:70:in `factory_by_name'[0m
     [36m# /home/ec2-user/.rvm/gems/ruby-2.6.3/gems/factory_bot-6.1.0/lib/factory_bot/factory_runner.rb:12:in `run'[0m
     [36m# /home/ec2-user/.rvm/gems/ruby-2.6.3/gems/factory_bot-6.1.0/lib/factory_bot/strategy_syntax_method_registrar.rb:28:in `block in define_singular_strategy_method'[0m
     [36m# ./spec/spec-2/system/books_spec.rb:8:in `block (2 levels) in <main>'[0m
     [36m# ------------------[0m
     [36m# --- Caused by: ---[0m
     [36m# KeyError:[0m
     [36m#   key not found: "book_comment"[0m
     [36m#   /home/ec2-user/.rvm/gems/ruby-2.6.3/gems/factory_bot-6.1.0/lib/factory_bot/registry.rb:23:in `find'[0m

  7) 投稿のテスト サイドバーのテスト 表示の確認 投稿に成功する
     [31mFailure/Error: let!(:book2_comment) { create(:book_comment, user: user2, book: book2) }[0m
     [31m[0m
     [31mKeyError:[0m
     [31m  Factory not registered: "book_comment"[0m
     [36m# /home/ec2-user/.rvm/gems/ruby-2.6.3/gems/factory_bot-6.1.0/lib/factory_bot/registry.rb:23:in `find'[0m
     [36m# /home/ec2-user/.rvm/gems/ruby-2.6.3/gems/factory_bot-6.1.0/lib/factory_bot/decorator.rb:21:in `method_missing'[0m
     [36m# /home/ec2-user/.rvm/gems/ruby-2.6.3/gems/factory_bot-6.1.0/lib/factory_bot/internal.rb:70:in `factory_by_name'[0m
     [36m# /home/ec2-user/.rvm/gems/ruby-2.6.3/gems/factory_bot-6.1.0/lib/factory_bot/factory_runner.rb:12:in `run'[0m
     [36m# /home/ec2-user/.rvm/gems/ruby-2.6.3/gems/factory_bot-6.1.0/lib/factory_bot/strategy_syntax_method_registrar.rb:28:in `block in define_singular_strategy_method'[0m
     [36m# ./spec/spec-2/system/books_spec.rb:8:in `block (2 levels) in <main>'[0m
     [36m# ------------------[0m
     [36m# --- Caused by: ---[0m
     [36m# KeyError:[0m
     [36m#   key not found: "book_comment"[0m
     [36m#   /home/ec2-user/.rvm/gems/ruby-2.6.3/gems/factory_bot-6.1.0/lib/factory_bot/registry.rb:23:in `find'[0m

  8) 投稿のテスト サイドバーのテスト 表示の確認 投稿に失敗する
     [31mFailure/Error: let!(:book2_comment) { create(:book_comment, user: user2, book: book2) }[0m
     [31m[0m
     [31mKeyError:[0m
     [31m  Factory not registered: "book_comment"[0m
     [36m# /home/ec2-user/.rvm/gems/ruby-2.6.3/gems/factory_bot-6.1.0/lib/factory_bot/registry.rb:23:in `find'[0m
     [36m# /home/ec2-user/.rvm/gems/ruby-2.6.3/gems/factory_bot-6.1.0/lib/factory_bot/decorator.rb:21:in `method_missing'[0m
     [36m# /home/ec2-user/.rvm/gems/ruby-2.6.3/gems/factory_bot-6.1.0/lib/factory_bot/internal.rb:70:in `factory_by_name'[0m
     [36m# /home/ec2-user/.rvm/gems/ruby-2.6.3/gems/factory_bot-6.1.0/lib/factory_bot/factory_runner.rb:12:in `run'[0m
     [36m# /home/ec2-user/.rvm/gems/ruby-2.6.3/gems/factory_bot-6.1.0/lib/factory_bot/strategy_syntax_method_registrar.rb:28:in `block in define_singular_strategy_method'[0m
     [36m# ./spec/spec-2/system/books_spec.rb:8:in `block (2 levels) in <main>'[0m
     [36m# ------------------[0m
     [36m# --- Caused by: ---[0m
     [36m# KeyError:[0m
     [36m#   key not found: "book_comment"[0m
     [36m#   /home/ec2-user/.rvm/gems/ruby-2.6.3/gems/factory_bot-6.1.0/lib/factory_bot/registry.rb:23:in `find'[0m

  9) 投稿のテスト 編集のテスト 自分の投稿の編集画面への遷移 遷移できる
     [31mFailure/Error: let!(:book2_comment) { create(:book_comment, user: user2, book: book2) }[0m
     [31m[0m
     [31mKeyError:[0m
     [31m  Factory not registered: "book_comment"[0m
     [36m# /home/ec2-user/.rvm/gems/ruby-2.6.3/gems/factory_bot-6.1.0/lib/factory_bot/registry.rb:23:in `find'[0m
     [36m# /home/ec2-user/.rvm/gems/ruby-2.6.3/gems/factory_bot-6.1.0/lib/factory_bot/decorator.rb:21:in `method_missing'[0m
     [36m# /home/ec2-user/.rvm/gems/ruby-2.6.3/gems/factory_bot-6.1.0/lib/factory_bot/internal.rb:70:in `factory_by_name'[0m
     [36m# /home/ec2-user/.rvm/gems/ruby-2.6.3/gems/factory_bot-6.1.0/lib/factory_bot/factory_runner.rb:12:in `run'[0m
     [36m# /home/ec2-user/.rvm/gems/ruby-2.6.3/gems/factory_bot-6.1.0/lib/factory_bot/strategy_syntax_method_registrar.rb:28:in `block in define_singular_strategy_method'[0m
     [36m# ./spec/spec-2/system/books_spec.rb:8:in `block (2 levels) in <main>'[0m
     [36m# ------------------[0m
     [36m# --- Caused by: ---[0m
     [36m# KeyError:[0m
     [36m#   key not found: "book_comment"[0m
     [36m#   /home/ec2-user/.rvm/gems/ruby-2.6.3/gems/factory_bot-6.1.0/lib/factory_bot/registry.rb:23:in `find'[0m

  10) 投稿のテスト 編集のテスト 他人の投稿の編集画面への遷移 遷移できない
      [31mFailure/Error: let!(:book2_comment) { create(:book_comment, user: user2, book: book2) }[0m
      [31m[0m
      [31mKeyError:[0m
      [31m  Factory not registered: "book_comment"[0m
      [36m# /home/ec2-user/.rvm/gems/ruby-2.6.3/gems/factory_bot-6.1.0/lib/factory_bot/registry.rb:23:in `find'[0m
      [36m# /home/ec2-user/.rvm/gems/ruby-2.6.3/gems/factory_bot-6.1.0/lib/factory_bot/decorator.rb:21:in `method_missing'[0m
      [36m# /home/ec2-user/.rvm/gems/ruby-2.6.3/gems/factory_bot-6.1.0/lib/factory_bot/internal.rb:70:in `factory_by_name'[0m
      [36m# /home/ec2-user/.rvm/gems/ruby-2.6.3/gems/factory_bot-6.1.0/lib/factory_bot/factory_runner.rb:12:in `run'[0m
      [36m# /home/ec2-user/.rvm/gems/ruby-2.6.3/gems/factory_bot-6.1.0/lib/factory_bot/strategy_syntax_method_registrar.rb:28:in `block in define_singular_strategy_method'[0m
      [36m# ./spec/spec-2/system/books_spec.rb:8:in `block (2 levels) in <main>'[0m
      [36m# ------------------[0m
      [36m# --- Caused by: ---[0m
      [36m# KeyError:[0m
      [36m#   key not found: "book_comment"[0m
      [36m#   /home/ec2-user/.rvm/gems/ruby-2.6.3/gems/factory_bot-6.1.0/lib/factory_bot/registry.rb:23:in `find'[0m

  11) 投稿のテスト 編集のテスト 表示の確認 Editing Bookと表示される
      [31mFailure/Error: let!(:book2_comment) { create(:book_comment, user: user2, book: book2) }[0m
      [31m[0m
      [31mKeyError:[0m
      [31m  Factory not registered: "book_comment"[0m
      [36m# /home/ec2-user/.rvm/gems/ruby-2.6.3/gems/factory_bot-6.1.0/lib/factory_bot/registry.rb:23:in `find'[0m
      [36m# /home/ec2-user/.rvm/gems/ruby-2.6.3/gems/factory_bot-6.1.0/lib/factory_bot/decorator.rb:21:in `method_missing'[0m
      [36m# /home/ec2-user/.rvm/gems/ruby-2.6.3/gems/factory_bot-6.1.0/lib/factory_bot/internal.rb:70:in `factory_by_name'[0m
      [36m# /home/ec2-user/.rvm/gems/ruby-2.6.3/gems/factory_bot-6.1.0/lib/factory_bot/factory_runner.rb:12:in `run'[0m
      [36m# /home/ec2-user/.rvm/gems/ruby-2.6.3/gems/factory_bot-6.1.0/lib/factory_bot/strategy_syntax_method_registrar.rb:28:in `block in define_singular_strategy_method'[0m
      [36m# ./spec/spec-2/system/books_spec.rb:8:in `block (2 levels) in <main>'[0m
      [36m# ------------------[0m
      [36m# --- Caused by: ---[0m
      [36m# KeyError:[0m
      [36m#   key not found: "book_comment"[0m
      [36m#   /home/ec2-user/.rvm/gems/ruby-2.6.3/gems/factory_bot-6.1.0/lib/factory_bot/registry.rb:23:in `find'[0m

  12) 投稿のテスト 編集のテスト 表示の確認 title編集フォームが表示される
      [31mFailure/Error: let!(:book2_comment) { create(:book_comment, user: user2, book: book2) }[0m
      [31m[0m
      [31mKeyError:[0m
      [31m  Factory not registered: "book_comment"[0m
      [36m# /home/ec2-user/.rvm/gems/ruby-2.6.3/gems/factory_bot-6.1.0/lib/factory_bot/registry.rb:23:in `find'[0m
      [36m# /home/ec2-user/.rvm/gems/ruby-2.6.3/gems/factory_bot-6.1.0/lib/factory_bot/decorator.rb:21:in `method_missing'[0m
      [36m# /home/ec2-user/.rvm/gems/ruby-2.6.3/gems/factory_bot-6.1.0/lib/factory_bot/internal.rb:70:in `factory_by_name'[0m
      [36m# /home/ec2-user/.rvm/gems/ruby-2.6.3/gems/factory_bot-6.1.0/lib/factory_bot/factory_runner.rb:12:in `run'[0m
      [36m# /home/ec2-user/.rvm/gems/ruby-2.6.3/gems/factory_bot-6.1.0/lib/factory_bot/strategy_syntax_method_registrar.rb:28:in `block in define_singular_strategy_method'[0m
      [36m# ./spec/spec-2/system/books_spec.rb:8:in `block (2 levels) in <main>'[0m
      [36m# ------------------[0m
      [36m# --- Caused by: ---[0m
      [36m# KeyError:[0m
      [36m#   key not found: "book_comment"[0m
      [36m#   /home/ec2-user/.rvm/gems/ruby-2.6.3/gems/factory_bot-6.1.0/lib/factory_bot/registry.rb:23:in `find'[0m

  13) 投稿のテスト 編集のテスト 表示の確認 opinion編集フォームが表示される
      [31mFailure/Error: let!(:book2_comment) { create(:book_comment, user: user2, book: book2) }[0m
      [31m[0m
      [31mKeyError:[0m
      [31m  Factory not registered: "book_comment"[0m
      [36m# /home/ec2-user/.rvm/gems/ruby-2.6.3/gems/factory_bot-6.1.0/lib/factory_bot/registry.rb:23:in `find'[0m
      [36m# /home/ec2-user/.rvm/gems/ruby-2.6.3/gems/factory_bot-6.1.0/lib/factory_bot/decorator.rb:21:in `method_missing'[0m
      [36m# /home/ec2-user/.rvm/gems/ruby-2.6.3/gems/factory_bot-6.1.0/lib/factory_bot/internal.rb:70:in `factory_by_name'[0m
      [36m# /home/ec2-user/.rvm/gems/ruby-2.6.3/gems/factory_bot-6.1.0/lib/factory_bot/factory_runner.rb:12:in `run'[0m
      [36m# /home/ec2-user/.rvm/gems/ruby-2.6.3/gems/factory_bot-6.1.0/lib/factory_bot/strategy_syntax_method_registrar.rb:28:in `block in define_singular_strategy_method'[0m
      [36m# ./spec/spec-2/system/books_spec.rb:8:in `block (2 levels) in <main>'[0m
      [36m# ------------------[0m
      [36m# --- Caused by: ---[0m
      [36m# KeyError:[0m
      [36m#   key not found: "book_comment"[0m
      [36m#   /home/ec2-user/.rvm/gems/ruby-2.6.3/gems/factory_bot-6.1.0/lib/factory_bot/registry.rb:23:in `find'[0m

  14) 投稿のテスト 編集のテスト 表示の確認 Showリンクが表示される
      [31mFailure/Error: let!(:book2_comment) { create(:book_comment, user: user2, book: book2) }[0m
      [31m[0m
      [31mKeyError:[0m
      [31m  Factory not registered: "book_comment"[0m
      [36m# /home/ec2-user/.rvm/gems/ruby-2.6.3/gems/factory_bot-6.1.0/lib/factory_bot/registry.rb:23:in `find'[0m
      [36m# /home/ec2-user/.rvm/gems/ruby-2.6.3/gems/factory_bot-6.1.0/lib/factory_bot/decorator.rb:21:in `method_missing'[0m
      [36m# /home/ec2-user/.rvm/gems/ruby-2.6.3/gems/factory_bot-6.1.0/lib/factory_bot/internal.rb:70:in `factory_by_name'[0m
      [36m# /home/ec2-user/.rvm/gems/ruby-2.6.3/gems/factory_bot-6.1.0/lib/factory_bot/factory_runner.rb:12:in `run'[0m
      [36m# /home/ec2-user/.rvm/gems/ruby-2.6.3/gems/factory_bot-6.1.0/lib/factory_bot/strategy_syntax_method_registrar.rb:28:in `block in define_singular_strategy_method'[0m
      [36m# ./spec/spec-2/system/books_spec.rb:8:in `block (2 levels) in <main>'[0m
      [36m# ------------------[0m
      [36m# --- Caused by: ---[0m
      [36m# KeyError:[0m
      [36m#   key not found: "book_comment"[0m
      [36m#   /home/ec2-user/.rvm/gems/ruby-2.6.3/gems/factory_bot-6.1.0/lib/factory_bot/registry.rb:23:in `find'[0m

  15) 投稿のテスト 編集のテスト 表示の確認 Backリンクが表示される
      [31mFailure/Error: let!(:book2_comment) { create(:book_comment, user: user2, book: book2) }[0m
      [31m[0m
      [31mKeyError:[0m
      [31m  Factory not registered: "book_comment"[0m
      [36m# /home/ec2-user/.rvm/gems/ruby-2.6.3/gems/factory_bot-6.1.0/lib/factory_bot/registry.rb:23:in `find'[0m
      [36m# /home/ec2-user/.rvm/gems/ruby-2.6.3/gems/factory_bot-6.1.0/lib/factory_bot/decorator.rb:21:in `method_missing'[0m
      [36m# /home/ec2-user/.rvm/gems/ruby-2.6.3/gems/factory_bot-6.1.0/lib/factory_bot/internal.rb:70:in `factory_by_name'[0m
      [36m# /home/ec2-user/.rvm/gems/ruby-2.6.3/gems/factory_bot-6.1.0/lib/factory_bot/factory_runner.rb:12:in `run'[0m
      [36m# /home/ec2-user/.rvm/gems/ruby-2.6.3/gems/factory_bot-6.1.0/lib/factory_bot/strategy_syntax_method_registrar.rb:28:in `block in define_singular_strategy_method'[0m
      [36m# ./spec/spec-2/system/books_spec.rb:8:in `block (2 levels) in <main>'[0m
      [36m# ------------------[0m
      [36m# --- Caused by: ---[0m
      [36m# KeyError:[0m
      [36m#   key not found: "book_comment"[0m
      [36m#   /home/ec2-user/.rvm/gems/ruby-2.6.3/gems/factory_bot-6.1.0/lib/factory_bot/registry.rb:23:in `find'[0m

  16) 投稿のテスト 編集のテスト フォームの確認 編集に成功する
      [31mFailure/Error: let!(:book2_comment) { create(:book_comment, user: user2, book: book2) }[0m
      [31m[0m
      [31mKeyError:[0m
      [31m  Factory not registered: "book_comment"[0m
      [36m# /home/ec2-user/.rvm/gems/ruby-2.6.3/gems/factory_bot-6.1.0/lib/factory_bot/registry.rb:23:in `find'[0m
      [36m# /home/ec2-user/.rvm/gems/ruby-2.6.3/gems/factory_bot-6.1.0/lib/factory_bot/decorator.rb:21:in `method_missing'[0m
      [36m# /home/ec2-user/.rvm/gems/ruby-2.6.3/gems/factory_bot-6.1.0/lib/factory_bot/internal.rb:70:in `factory_by_name'[0m
      [36m# /home/ec2-user/.rvm/gems/ruby-2.6.3/gems/factory_bot-6.1.0/lib/factory_bot/factory_runner.rb:12:in `run'[0m
      [36m# /home/ec2-user/.rvm/gems/ruby-2.6.3/gems/factory_bot-6.1.0/lib/factory_bot/strategy_syntax_method_registrar.rb:28:in `block in define_singular_strategy_method'[0m
      [36m# ./spec/spec-2/system/books_spec.rb:8:in `block (2 levels) in <main>'[0m
      [36m# ------------------[0m
      [36m# --- Caused by: ---[0m
      [36m# KeyError:[0m
      [36m#   key not found: "book_comment"[0m
      [36m#   /home/ec2-user/.rvm/gems/ruby-2.6.3/gems/factory_bot-6.1.0/lib/factory_bot/registry.rb:23:in `find'[0m

  17) 投稿のテスト 編集のテスト フォームの確認 編集に失敗する
      [31mFailure/Error: let!(:book2_comment) { create(:book_comment, user: user2, book: book2) }[0m
      [31m[0m
      [31mKeyError:[0m
      [31m  Factory not registered: "book_comment"[0m
      [36m# /home/ec2-user/.rvm/gems/ruby-2.6.3/gems/factory_bot-6.1.0/lib/factory_bot/registry.rb:23:in `find'[0m
      [36m# /home/ec2-user/.rvm/gems/ruby-2.6.3/gems/factory_bot-6.1.0/lib/factory_bot/decorator.rb:21:in `method_missing'[0m
      [36m# /home/ec2-user/.rvm/gems/ruby-2.6.3/gems/factory_bot-6.1.0/lib/factory_bot/internal.rb:70:in `factory_by_name'[0m
      [36m# /home/ec2-user/.rvm/gems/ruby-2.6.3/gems/factory_bot-6.1.0/lib/factory_bot/factory_runner.rb:12:in `run'[0m
      [36m# /home/ec2-user/.rvm/gems/ruby-2.6.3/gems/factory_bot-6.1.0/lib/factory_bot/strategy_syntax_method_registrar.rb:28:in `block in define_singular_strategy_method'[0m
      [36m# ./spec/spec-2/system/books_spec.rb:8:in `block (2 levels) in <main>'[0m
      [36m# ------------------[0m
      [36m# --- Caused by: ---[0m
      [36m# KeyError:[0m
      [36m#   key not found: "book_comment"[0m
      [36m#   /home/ec2-user/.rvm/gems/ruby-2.6.3/gems/factory_bot-6.1.0/lib/factory_bot/registry.rb:23:in `find'[0m

  18) 投稿のテスト 一覧画面のテスト 表示の確認 Booksと表示される
      [31mFailure/Error: let!(:book2_comment) { create(:book_comment, user: user2, book: book2) }[0m
      [31m[0m
      [31mKeyError:[0m
      [31m  Factory not registered: "book_comment"[0m
      [36m# /home/ec2-user/.rvm/gems/ruby-2.6.3/gems/factory_bot-6.1.0/lib/factory_bot/registry.rb:23:in `find'[0m
      [36m# /home/ec2-user/.rvm/gems/ruby-2.6.3/gems/factory_bot-6.1.0/lib/factory_bot/decorator.rb:21:in `method_missing'[0m
      [36m# /home/ec2-user/.rvm/gems/ruby-2.6.3/gems/factory_bot-6.1.0/lib/factory_bot/internal.rb:70:in `factory_by_name'[0m
      [36m# /home/ec2-user/.rvm/gems/ruby-2.6.3/gems/factory_bot-6.1.0/lib/factory_bot/factory_runner.rb:12:in `run'[0m
      [36m# /home/ec2-user/.rvm/gems/ruby-2.6.3/gems/factory_bot-6.1.0/lib/factory_bot/strategy_syntax_method_registrar.rb:28:in `block in define_singular_strategy_method'[0m
      [36m# ./spec/spec-2/system/books_spec.rb:8:in `block (2 levels) in <main>'[0m
      [36m# ------------------[0m
      [36m# --- Caused by: ---[0m
      [36m# KeyError:[0m
      [36m#   key not found: "book_comment"[0m
      [36m#   /home/ec2-user/.rvm/gems/ruby-2.6.3/gems/factory_bot-6.1.0/lib/factory_bot/registry.rb:23:in `find'[0m

  19) 投稿のテスト 一覧画面のテスト 表示の確認 自分と他人の画像のリンク先が正しい
      [31mFailure/Error: let!(:book2_comment) { create(:book_comment, user: user2, book: book2) }[0m
      [31m[0m
      [31mKeyError:[0m
      [31m  Factory not registered: "book_comment"[0m
      [36m# /home/ec2-user/.rvm/gems/ruby-2.6.3/gems/factory_bot-6.1.0/lib/factory_bot/registry.rb:23:in `find'[0m
      [36m# /home/ec2-user/.rvm/gems/ruby-2.6.3/gems/factory_bot-6.1.0/lib/factory_bot/decorator.rb:21:in `method_missing'[0m
      [36m# /home/ec2-user/.rvm/gems/ruby-2.6.3/gems/factory_bot-6.1.0/lib/factory_bot/internal.rb:70:in `factory_by_name'[0m
      [36m# /home/ec2-user/.rvm/gems/ruby-2.6.3/gems/factory_bot-6.1.0/lib/factory_bot/factory_runner.rb:12:in `run'[0m
      [36m# /home/ec2-user/.rvm/gems/ruby-2.6.3/gems/factory_bot-6.1.0/lib/factory_bot/strategy_syntax_method_registrar.rb:28:in `block in define_singular_strategy_method'[0m
      [36m# ./spec/spec-2/system/books_spec.rb:8:in `block (2 levels) in <main>'[0m
      [36m# ------------------[0m
      [36m# --- Caused by: ---[0m
      [36m# KeyError:[0m
      [36m#   key not found: "book_comment"[0m
      [36m#   /home/ec2-user/.rvm/gems/ruby-2.6.3/gems/factory_bot-6.1.0/lib/factory_bot/registry.rb:23:in `find'[0m

  20) 投稿のテスト 一覧画面のテスト 表示の確認 自分と他人のタイトルのリンク先が正しい
      [31mFailure/Error: let!(:book2_comment) { create(:book_comment, user: user2, book: book2) }[0m
      [31m[0m
      [31mKeyError:[0m
      [31m  Factory not registered: "book_comment"[0m
      [36m# /home/ec2-user/.rvm/gems/ruby-2.6.3/gems/factory_bot-6.1.0/lib/factory_bot/registry.rb:23:in `find'[0m
      [36m# /home/ec2-user/.rvm/gems/ruby-2.6.3/gems/factory_bot-6.1.0/lib/factory_bot/decorator.rb:21:in `method_missing'[0m
      [36m# /home/ec2-user/.rvm/gems/ruby-2.6.3/gems/factory_bot-6.1.0/lib/factory_bot/internal.rb:70:in `factory_by_name'[0m
      [36m# /home/ec2-user/.rvm/gems/ruby-2.6.3/gems/factory_bot-6.1.0/lib/factory_bot/factory_runner.rb:12:in `run'[0m
      [36m# /home/ec2-user/.rvm/gems/ruby-2.6.3/gems/factory_bot-6.1.0/lib/factory_bot/strategy_syntax_method_registrar.rb:28:in `block in define_singular_strategy_method'[0m
      [36m# ./spec/spec-2/system/books_spec.rb:8:in `block (2 levels) in <main>'[0m
      [36m# ------------------[0m
      [36m# --- Caused by: ---[0m
      [36m# KeyError:[0m
      [36m#   key not found: "book_comment"[0m
      [36m#   /home/ec2-user/.rvm/gems/ruby-2.6.3/gems/factory_bot-6.1.0/lib/factory_bot/registry.rb:23:in `find'[0m

  21) 投稿のテスト 一覧画面のテスト 表示の確認 自分と他人のオピニオンが表示される
      [31mFailure/Error: let!(:book2_comment) { create(:book_comment, user: user2, book: book2) }[0m
      [31m[0m
      [31mKeyError:[0m
      [31m  Factory not registered: "book_comment"[0m
      [36m# /home/ec2-user/.rvm/gems/ruby-2.6.3/gems/factory_bot-6.1.0/lib/factory_bot/registry.rb:23:in `find'[0m
      [36m# /home/ec2-user/.rvm/gems/ruby-2.6.3/gems/factory_bot-6.1.0/lib/factory_bot/decorator.rb:21:in `method_missing'[0m
      [36m# /home/ec2-user/.rvm/gems/ruby-2.6.3/gems/factory_bot-6.1.0/lib/factory_bot/internal.rb:70:in `factory_by_name'[0m
      [36m# /home/ec2-user/.rvm/gems/ruby-2.6.3/gems/factory_bot-6.1.0/lib/factory_bot/factory_runner.rb:12:in `run'[0m
      [36m# /home/ec2-user/.rvm/gems/ruby-2.6.3/gems/factory_bot-6.1.0/lib/factory_bot/strategy_syntax_method_registrar.rb:28:in `block in define_singular_strategy_method'[0m
      [36m# ./spec/spec-2/system/books_spec.rb:8:in `block (2 levels) in <main>'[0m
      [36m# ------------------[0m
      [36m# --- Caused by: ---[0m
      [36m# KeyError:[0m
      [36m#   key not found: "book_comment"[0m
      [36m#   /home/ec2-user/.rvm/gems/ruby-2.6.3/gems/factory_bot-6.1.0/lib/factory_bot/registry.rb:23:in `find'[0m

  22) 投稿のテスト 一覧画面のテスト 表示の確認 いいねのハートが表示される
      [31mFailure/Error: let!(:book2_comment) { create(:book_comment, user: user2, book: book2) }[0m
      [31m[0m
      [31mKeyError:[0m
      [31m  Factory not registered: "book_comment"[0m
      [36m# /home/ec2-user/.rvm/gems/ruby-2.6.3/gems/factory_bot-6.1.0/lib/factory_bot/registry.rb:23:in `find'[0m
      [36m# /home/ec2-user/.rvm/gems/ruby-2.6.3/gems/factory_bot-6.1.0/lib/factory_bot/decorator.rb:21:in `method_missing'[0m
      [36m# /home/ec2-user/.rvm/gems/ruby-2.6.3/gems/factory_bot-6.1.0/lib/factory_bot/internal.rb:70:in `factory_by_name'[0m
      [36m# /home/ec2-user/.rvm/gems/ruby-2.6.3/gems/factory_bot-6.1.0/lib/factory_bot/factory_runner.rb:12:in `run'[0m
      [36m# /home/ec2-user/.rvm/gems/ruby-2.6.3/gems/factory_bot-6.1.0/lib/factory_bot/strategy_syntax_method_registrar.rb:28:in `block in define_singular_strategy_method'[0m
      [36m# ./spec/spec-2/system/books_spec.rb:8:in `block (2 levels) in <main>'[0m
      [36m# ------------------[0m
      [36m# --- Caused by: ---[0m
      [36m# KeyError:[0m
      [36m#   key not found: "book_comment"[0m
      [36m#   /home/ec2-user/.rvm/gems/ruby-2.6.3/gems/factory_bot-6.1.0/lib/factory_bot/registry.rb:23:in `find'[0m

  23) 投稿のテスト 一覧画面のテスト 表示の確認 いいねのハートが表示される
      [31mFailure/Error: let!(:book2_comment) { create(:book_comment, user: user2, book: book2) }[0m
      [31m[0m
      [31mKeyError:[0m
      [31m  Factory not registered: "book_comment"[0m
      [36m# /home/ec2-user/.rvm/gems/ruby-2.6.3/gems/factory_bot-6.1.0/lib/factory_bot/registry.rb:23:in `find'[0m
      [36m# /home/ec2-user/.rvm/gems/ruby-2.6.3/gems/factory_bot-6.1.0/lib/factory_bot/decorator.rb:21:in `method_missing'[0m
      [36m# /home/ec2-user/.rvm/gems/ruby-2.6.3/gems/factory_bot-6.1.0/lib/factory_bot/internal.rb:70:in `factory_by_name'[0m
      [36m# /home/ec2-user/.rvm/gems/ruby-2.6.3/gems/factory_bot-6.1.0/lib/factory_bot/factory_runner.rb:12:in `run'[0m
      [36m# /home/ec2-user/.rvm/gems/ruby-2.6.3/gems/factory_bot-6.1.0/lib/factory_bot/strategy_syntax_method_registrar.rb:28:in `block in define_singular_strategy_method'[0m
      [36m# ./spec/spec-2/system/books_spec.rb:8:in `block (2 levels) in <main>'[0m
      [36m# ------------------[0m
      [36m# --- Caused by: ---[0m
      [36m# KeyError:[0m
      [36m#   key not found: "book_comment"[0m
      [36m#   /home/ec2-user/.rvm/gems/ruby-2.6.3/gems/factory_bot-6.1.0/lib/factory_bot/registry.rb:23:in `find'[0m

  24) 投稿のテスト 一覧画面のテスト 表示の確認 コメント数が表示される
      [31mFailure/Error: let!(:book2_comment) { create(:book_comment, user: user2, book: book2) }[0m
      [31m[0m
      [31mKeyError:[0m
      [31m  Factory not registered: "book_comment"[0m
      [36m# /home/ec2-user/.rvm/gems/ruby-2.6.3/gems/factory_bot-6.1.0/lib/factory_bot/registry.rb:23:in `find'[0m
      [36m# /home/ec2-user/.rvm/gems/ruby-2.6.3/gems/factory_bot-6.1.0/lib/factory_bot/decorator.rb:21:in `method_missing'[0m
      [36m# /home/ec2-user/.rvm/gems/ruby-2.6.3/gems/factory_bot-6.1.0/lib/factory_bot/internal.rb:70:in `factory_by_name'[0m
      [36m# /home/ec2-user/.rvm/gems/ruby-2.6.3/gems/factory_bot-6.1.0/lib/factory_bot/factory_runner.rb:12:in `run'[0m
      [36m# /home/ec2-user/.rvm/gems/ruby-2.6.3/gems/factory_bot-6.1.0/lib/factory_bot/strategy_syntax_method_registrar.rb:28:in `block in define_singular_strategy_method'[0m
      [36m# ./spec/spec-2/system/books_spec.rb:8:in `block (2 levels) in <main>'[0m
      [36m# ------------------[0m
      [36m# --- Caused by: ---[0m
      [36m# KeyError:[0m
      [36m#   key not found: "book_comment"[0m
      [36m#   /home/ec2-user/.rvm/gems/ruby-2.6.3/gems/factory_bot-6.1.0/lib/factory_bot/registry.rb:23:in `find'[0m

  25) 投稿のテスト 一覧画面のテスト いいね機能のテスト いいね登録ができる
      [31mFailure/Error: let!(:book2_comment) { create(:book_comment, user: user2, book: book2) }[0m
      [31m[0m
      [31mKeyError:[0m
      [31m  Factory not registered: "book_comment"[0m
      [36m# /home/ec2-user/.rvm/gems/ruby-2.6.3/gems/factory_bot-6.1.0/lib/factory_bot/registry.rb:23:in `find'[0m
      [36m# /home/ec2-user/.rvm/gems/ruby-2.6.3/gems/factory_bot-6.1.0/lib/factory_bot/decorator.rb:21:in `method_missing'[0m
      [36m# /home/ec2-user/.rvm/gems/ruby-2.6.3/gems/factory_bot-6.1.0/lib/factory_bot/internal.rb:70:in `factory_by_name'[0m
      [36m# /home/ec2-user/.rvm/gems/ruby-2.6.3/gems/factory_bot-6.1.0/lib/factory_bot/factory_runner.rb:12:in `run'[0m
      [36m# /home/ec2-user/.rvm/gems/ruby-2.6.3/gems/factory_bot-6.1.0/lib/factory_bot/strategy_syntax_method_registrar.rb:28:in `block in define_singular_strategy_method'[0m
      [36m# ./spec/spec-2/system/books_spec.rb:8:in `block (2 levels) in <main>'[0m
      [36m# ------------------[0m
      [36m# --- Caused by: ---[0m
      [36m# KeyError:[0m
      [36m#   key not found: "book_comment"[0m
      [36m#   /home/ec2-user/.rvm/gems/ruby-2.6.3/gems/factory_bot-6.1.0/lib/factory_bot/registry.rb:23:in `find'[0m

  26) 投稿のテスト 一覧画面のテスト いいね機能のテスト いいね解除ができる
      [31mFailure/Error: let!(:book2_comment) { create(:book_comment, user: user2, book: book2) }[0m
      [31m[0m
      [31mKeyError:[0m
      [31m  Factory not registered: "book_comment"[0m
      [36m# /home/ec2-user/.rvm/gems/ruby-2.6.3/gems/factory_bot-6.1.0/lib/factory_bot/registry.rb:23:in `find'[0m
      [36m# /home/ec2-user/.rvm/gems/ruby-2.6.3/gems/factory_bot-6.1.0/lib/factory_bot/decorator.rb:21:in `method_missing'[0m
      [36m# /home/ec2-user/.rvm/gems/ruby-2.6.3/gems/factory_bot-6.1.0/lib/factory_bot/internal.rb:70:in `factory_by_name'[0m
      [36m# /home/ec2-user/.rvm/gems/ruby-2.6.3/gems/factory_bot-6.1.0/lib/factory_bot/factory_runner.rb:12:in `run'[0m
      [36m# /home/ec2-user/.rvm/gems/ruby-2.6.3/gems/factory_bot-6.1.0/lib/factory_bot/strategy_syntax_method_registrar.rb:28:in `block in define_singular_strategy_method'[0m
      [36m# ./spec/spec-2/system/books_spec.rb:8:in `block (2 levels) in <main>'[0m
      [36m# ------------------[0m
      [36m# --- Caused by: ---[0m
      [36m# KeyError:[0m
      [36m#   key not found: "book_comment"[0m
      [36m#   /home/ec2-user/.rvm/gems/ruby-2.6.3/gems/factory_bot-6.1.0/lib/factory_bot/registry.rb:23:in `find'[0m

  27) 投稿のテスト 詳細画面のテスト 自分・他人共通の投稿詳細画面の表示を確認 Book detailと表示される
      [31mFailure/Error: let!(:book2_comment) { create(:book_comment, user: user2, book: book2) }[0m
      [31m[0m
      [31mKeyError:[0m
      [31m  Factory not registered: "book_comment"[0m
      [36m# /home/ec2-user/.rvm/gems/ruby-2.6.3/gems/factory_bot-6.1.0/lib/factory_bot/registry.rb:23:in `find'[0m
      [36m# /home/ec2-user/.rvm/gems/ruby-2.6.3/gems/factory_bot-6.1.0/lib/factory_bot/decorator.rb:21:in `method_missing'[0m
      [36m# /home/ec2-user/.rvm/gems/ruby-2.6.3/gems/factory_bot-6.1.0/lib/factory_bot/internal.rb:70:in `factory_by_name'[0m
      [36m# /home/ec2-user/.rvm/gems/ruby-2.6.3/gems/factory_bot-6.1.0/lib/factory_bot/factory_runner.rb:12:in `run'[0m
      [36m# /home/ec2-user/.rvm/gems/ruby-2.6.3/gems/factory_bot-6.1.0/lib/factory_bot/strategy_syntax_method_registrar.rb:28:in `block in define_singular_strategy_method'[0m
      [36m# ./spec/spec-2/system/books_spec.rb:8:in `block (2 levels) in <main>'[0m
      [36m# ------------------[0m
      [36m# --- Caused by: ---[0m
      [36m# KeyError:[0m
      [36m#   key not found: "book_comment"[0m
      [36m#   /home/ec2-user/.rvm/gems/ruby-2.6.3/gems/factory_bot-6.1.0/lib/factory_bot/registry.rb:23:in `find'[0m

  28) 投稿のテスト 詳細画面のテスト 自分・他人共通の投稿詳細画面の表示を確認 ユーザー画像・名前のリンク先が正しい
      [31mFailure/Error: let!(:book2_comment) { create(:book_comment, user: user2, book: book2) }[0m
      [31m[0m
      [31mKeyError:[0m
      [31m  Factory not registered: "book_comment"[0m
      [36m# /home/ec2-user/.rvm/gems/ruby-2.6.3/gems/factory_bot-6.1.0/lib/factory_bot/registry.rb:23:in `find'[0m
      [36m# /home/ec2-user/.rvm/gems/ruby-2.6.3/gems/factory_bot-6.1.0/lib/factory_bot/decorator.rb:21:in `method_missing'[0m
      [36m# /home/ec2-user/.rvm/gems/ruby-2.6.3/gems/factory_bot-6.1.0/lib/factory_bot/internal.rb:70:in `factory_by_name'[0m
      [36m# /home/ec2-user/.rvm/gems/ruby-2.6.3/gems/factory_bot-6.1.0/lib/factory_bot/factory_runner.rb:12:in `run'[0m
      [36m# /home/ec2-user/.rvm/gems/ruby-2.6.3/gems/factory_bot-6.1.0/lib/factory_bot/strategy_syntax_method_registrar.rb:28:in `block in define_singular_strategy_method'[0m
      [36m# ./spec/spec-2/system/books_spec.rb:8:in `block (2 levels) in <main>'[0m
      [36m# ------------------[0m
      [36m# --- Caused by: ---[0m
      [36m# KeyError:[0m
      [36m#   key not found: "book_comment"[0m
      [36m#   /home/ec2-user/.rvm/gems/ruby-2.6.3/gems/factory_bot-6.1.0/lib/factory_bot/registry.rb:23:in `find'[0m

  29) 投稿のテスト 詳細画面のテスト 自分・他人共通の投稿詳細画面の表示を確認 投稿のtitleが表示される
      [31mFailure/Error: let!(:book2_comment) { create(:book_comment, user: user2, book: book2) }[0m
      [31m[0m
      [31mKeyError:[0m
      [31m  Factory not registered: "book_comment"[0m
      [36m# /home/ec2-user/.rvm/gems/ruby-2.6.3/gems/factory_bot-6.1.0/lib/factory_bot/registry.rb:23:in `find'[0m
      [36m# /home/ec2-user/.rvm/gems/ruby-2.6.3/gems/factory_bot-6.1.0/lib/factory_bot/decorator.rb:21:in `method_missing'[0m
      [36m# /home/ec2-user/.rvm/gems/ruby-2.6.3/gems/factory_bot-6.1.0/lib/factory_bot/internal.rb:70:in `factory_by_name'[0m
      [36m# /home/ec2-user/.rvm/gems/ruby-2.6.3/gems/factory_bot-6.1.0/lib/factory_bot/factory_runner.rb:12:in `run'[0m
      [36m# /home/ec2-user/.rvm/gems/ruby-2.6.3/gems/factory_bot-6.1.0/lib/factory_bot/strategy_syntax_method_registrar.rb:28:in `block in define_singular_strategy_method'[0m
      [36m# ./spec/spec-2/system/books_spec.rb:8:in `block (2 levels) in <main>'[0m
      [36m# ------------------[0m
      [36m# --- Caused by: ---[0m
      [36m# KeyError:[0m
      [36m#   key not found: "book_comment"[0m
      [36m#   /home/ec2-user/.rvm/gems/ruby-2.6.3/gems/factory_bot-6.1.0/lib/factory_bot/registry.rb:23:in `find'[0m

  30) 投稿のテスト 詳細画面のテスト 自分・他人共通の投稿詳細画面の表示を確認 投稿のopinionが表示される
      [31mFailure/Error: let!(:book2_comment) { create(:book_comment, user: user2, book: book2) }[0m
      [31m[0m
      [31mKeyError:[0m
      [31m  Factory not registered: "book_comment"[0m
      [36m# /home/ec2-user/.rvm/gems/ruby-2.6.3/gems/factory_bot-6.1.0/lib/factory_bot/registry.rb:23:in `find'[0m
      [36m# /home/ec2-user/.rvm/gems/ruby-2.6.3/gems/factory_bot-6.1.0/lib/factory_bot/decorator.rb:21:in `method_missing'[0m
      [36m# /home/ec2-user/.rvm/gems/ruby-2.6.3/gems/factory_bot-6.1.0/lib/factory_bot/internal.rb:70:in `factory_by_name'[0m
      [36m# /home/ec2-user/.rvm/gems/ruby-2.6.3/gems/factory_bot-6.1.0/lib/factory_bot/factory_runner.rb:12:in `run'[0m
      [36m# /home/ec2-user/.rvm/gems/ruby-2.6.3/gems/factory_bot-6.1.0/lib/factory_bot/strategy_syntax_method_registrar.rb:28:in `block in define_singular_strategy_method'[0m
      [36m# ./spec/spec-2/system/books_spec.rb:8:in `block (2 levels) in <main>'[0m
      [36m# ------------------[0m
      [36m# --- Caused by: ---[0m
      [36m# KeyError:[0m
      [36m#   key not found: "book_comment"[0m
      [36m#   /home/ec2-user/.rvm/gems/ruby-2.6.3/gems/factory_bot-6.1.0/lib/factory_bot/registry.rb:23:in `find'[0m

  31) 投稿のテスト 詳細画面のテスト 自分・他人共通の投稿詳細画面の表示を確認 いいね数が表示される
      [31mFailure/Error: let!(:book2_comment) { create(:book_comment, user: user2, book: book2) }[0m
      [31m[0m
      [31mKeyError:[0m
      [31m  Factory not registered: "book_comment"[0m
      [36m# /home/ec2-user/.rvm/gems/ruby-2.6.3/gems/factory_bot-6.1.0/lib/factory_bot/registry.rb:23:in `find'[0m
      [36m# /home/ec2-user/.rvm/gems/ruby-2.6.3/gems/factory_bot-6.1.0/lib/factory_bot/decorator.rb:21:in `method_missing'[0m
      [36m# /home/ec2-user/.rvm/gems/ruby-2.6.3/gems/factory_bot-6.1.0/lib/factory_bot/internal.rb:70:in `factory_by_name'[0m
      [36m# /home/ec2-user/.rvm/gems/ruby-2.6.3/gems/factory_bot-6.1.0/lib/factory_bot/factory_runner.rb:12:in `run'[0m
      [36m# /home/ec2-user/.rvm/gems/ruby-2.6.3/gems/factory_bot-6.1.0/lib/factory_bot/strategy_syntax_method_registrar.rb:28:in `block in define_singular_strategy_method'[0m
      [36m# ./spec/spec-2/system/books_spec.rb:8:in `block (2 levels) in <main>'[0m
      [36m# ------------------[0m
      [36m# --- Caused by: ---[0m
      [36m# KeyError:[0m
      [36m#   key not found: "book_comment"[0m
      [36m#   /home/ec2-user/.rvm/gems/ruby-2.6.3/gems/factory_bot-6.1.0/lib/factory_bot/registry.rb:23:in `find'[0m

  32) 投稿のテスト 詳細画面のテスト 自分・他人共通の投稿詳細画面の表示を確認 コメント数が表示される
      [31mFailure/Error: let!(:book2_comment) { create(:book_comment, user: user2, book: book2) }[0m
      [31m[0m
      [31mKeyError:[0m
      [31m  Factory not registered: "book_comment"[0m
      [36m# /home/ec2-user/.rvm/gems/ruby-2.6.3/gems/factory_bot-6.1.0/lib/factory_bot/registry.rb:23:in `find'[0m
      [36m# /home/ec2-user/.rvm/gems/ruby-2.6.3/gems/factory_bot-6.1.0/lib/factory_bot/decorator.rb:21:in `method_missing'[0m
      [36m# /home/ec2-user/.rvm/gems/ruby-2.6.3/gems/factory_bot-6.1.0/lib/factory_bot/internal.rb:70:in `factory_by_name'[0m
      [36m# /home/ec2-user/.rvm/gems/ruby-2.6.3/gems/factory_bot-6.1.0/lib/factory_bot/factory_runner.rb:12:in `run'[0m
      [36m# /home/ec2-user/.rvm/gems/ruby-2.6.3/gems/factory_bot-6.1.0/lib/factory_bot/strategy_syntax_method_registrar.rb:28:in `block in define_singular_strategy_method'[0m
      [36m# ./spec/spec-2/system/books_spec.rb:8:in `block (2 levels) in <main>'[0m
      [36m# ------------------[0m
      [36m# --- Caused by: ---[0m
      [36m# KeyError:[0m
      [36m#   key not found: "book_comment"[0m
      [36m#   /home/ec2-user/.rvm/gems/ruby-2.6.3/gems/factory_bot-6.1.0/lib/factory_bot/registry.rb:23:in `find'[0m

  33) 投稿のテスト 詳細画面のテスト 自分・他人共通の投稿詳細画面の表示を確認 いいね登録ができる
      [31mFailure/Error: let!(:book2_comment) { create(:book_comment, user: user2, book: book2) }[0m
      [31m[0m
      [31mKeyError:[0m
      [31m  Factory not registered: "book_comment"[0m
      [36m# /home/ec2-user/.rvm/gems/ruby-2.6.3/gems/factory_bot-6.1.0/lib/factory_bot/registry.rb:23:in `find'[0m
      [36m# /home/ec2-user/.rvm/gems/ruby-2.6.3/gems/factory_bot-6.1.0/lib/factory_bot/decorator.rb:21:in `method_missing'[0m
      [36m# /home/ec2-user/.rvm/gems/ruby-2.6.3/gems/factory_bot-6.1.0/lib/factory_bot/internal.rb:70:in `factory_by_name'[0m
      [36m# /home/ec2-user/.rvm/gems/ruby-2.6.3/gems/factory_bot-6.1.0/lib/factory_bot/factory_runner.rb:12:in `run'[0m
      [36m# /home/ec2-user/.rvm/gems/ruby-2.6.3/gems/factory_bot-6.1.0/lib/factory_bot/strategy_syntax_method_registrar.rb:28:in `block in define_singular_strategy_method'[0m
      [36m# ./spec/spec-2/system/books_spec.rb:8:in `block (2 levels) in <main>'[0m
      [36m# ------------------[0m
      [36m# --- Caused by: ---[0m
      [36m# KeyError:[0m
      [36m#   key not found: "book_comment"[0m
      [36m#   /home/ec2-user/.rvm/gems/ruby-2.6.3/gems/factory_bot-6.1.0/lib/factory_bot/registry.rb:23:in `find'[0m

  34) 投稿のテスト 詳細画面のテスト 自分・他人共通の投稿詳細画面の表示を確認 いいね解除ができる
      [31mFailure/Error: let!(:book2_comment) { create(:book_comment, user: user2, book: book2) }[0m
      [31m[0m
      [31mKeyError:[0m
      [31m  Factory not registered: "book_comment"[0m
      [36m# /home/ec2-user/.rvm/gems/ruby-2.6.3/gems/factory_bot-6.1.0/lib/factory_bot/registry.rb:23:in `find'[0m
      [36m# /home/ec2-user/.rvm/gems/ruby-2.6.3/gems/factory_bot-6.1.0/lib/factory_bot/decorator.rb:21:in `method_missing'[0m
      [36m# /home/ec2-user/.rvm/gems/ruby-2.6.3/gems/factory_bot-6.1.0/lib/factory_bot/internal.rb:70:in `factory_by_name'[0m
      [36m# /home/ec2-user/.rvm/gems/ruby-2.6.3/gems/factory_bot-6.1.0/lib/factory_bot/factory_runner.rb:12:in `run'[0m
      [36m# /home/ec2-user/.rvm/gems/ruby-2.6.3/gems/factory_bot-6.1.0/lib/factory_bot/strategy_syntax_method_registrar.rb:28:in `block in define_singular_strategy_method'[0m
      [36m# ./spec/spec-2/system/books_spec.rb:8:in `block (2 levels) in <main>'[0m
      [36m# ------------------[0m
      [36m# --- Caused by: ---[0m
      [36m# KeyError:[0m
      [36m#   key not found: "book_comment"[0m
      [36m#   /home/ec2-user/.rvm/gems/ruby-2.6.3/gems/factory_bot-6.1.0/lib/factory_bot/registry.rb:23:in `find'[0m

  35) 投稿のテスト 詳細画面のテスト 自分・他人共通の投稿詳細画面の表示を確認 コメント投稿に成功する
      [31mFailure/Error: let!(:book2_comment) { create(:book_comment, user: user2, book: book2) }[0m
      [31m[0m
      [31mKeyError:[0m
      [31m  Factory not registered: "book_comment"[0m
      [36m# /home/ec2-user/.rvm/gems/ruby-2.6.3/gems/factory_bot-6.1.0/lib/factory_bot/registry.rb:23:in `find'[0m
      [36m# /home/ec2-user/.rvm/gems/ruby-2.6.3/gems/factory_bot-6.1.0/lib/factory_bot/decorator.rb:21:in `method_missing'[0m
      [36m# /home/ec2-user/.rvm/gems/ruby-2.6.3/gems/factory_bot-6.1.0/lib/factory_bot/internal.rb:70:in `factory_by_name'[0m
      [36m# /home/ec2-user/.rvm/gems/ruby-2.6.3/gems/factory_bot-6.1.0/lib/factory_bot/factory_runner.rb:12:in `run'[0m
      [36m# /home/ec2-user/.rvm/gems/ruby-2.6.3/gems/factory_bot-6.1.0/lib/factory_bot/strategy_syntax_method_registrar.rb:28:in `block in define_singular_strategy_method'[0m
      [36m# ./spec/spec-2/system/books_spec.rb:8:in `block (2 levels) in <main>'[0m
      [36m# ------------------[0m
      [36m# --- Caused by: ---[0m
      [36m# KeyError:[0m
      [36m#   key not found: "book_comment"[0m
      [36m#   /home/ec2-user/.rvm/gems/ruby-2.6.3/gems/factory_bot-6.1.0/lib/factory_bot/registry.rb:23:in `find'[0m

  36) 投稿のテスト 詳細画面のテスト 自分・他人共通の投稿詳細画面の表示を確認 他ユーザーのコメントは削除ボタンが表示されない
      [31mFailure/Error: let!(:book2_comment) { create(:book_comment, user: user2, book: book2) }[0m
      [31m[0m
      [31mKeyError:[0m
      [31m  Factory not registered: "book_comment"[0m
      [36m# /home/ec2-user/.rvm/gems/ruby-2.6.3/gems/factory_bot-6.1.0/lib/factory_bot/registry.rb:23:in `find'[0m
      [36m# /home/ec2-user/.rvm/gems/ruby-2.6.3/gems/factory_bot-6.1.0/lib/factory_bot/decorator.rb:21:in `method_missing'[0m
      [36m# /home/ec2-user/.rvm/gems/ruby-2.6.3/gems/factory_bot-6.1.0/lib/factory_bot/internal.rb:70:in `factory_by_name'[0m
      [36m# /home/ec2-user/.rvm/gems/ruby-2.6.3/gems/factory_bot-6.1.0/lib/factory_bot/factory_runner.rb:12:in `run'[0m
      [36m# /home/ec2-user/.rvm/gems/ruby-2.6.3/gems/factory_bot-6.1.0/lib/factory_bot/strategy_syntax_method_registrar.rb:28:in `block in define_singular_strategy_method'[0m
      [36m# ./spec/spec-2/system/books_spec.rb:8:in `block (2 levels) in <main>'[0m
      [36m# ------------------[0m
      [36m# --- Caused by: ---[0m
      [36m# KeyError:[0m
      [36m#   key not found: "book_comment"[0m
      [36m#   /home/ec2-user/.rvm/gems/ruby-2.6.3/gems/factory_bot-6.1.0/lib/factory_bot/registry.rb:23:in `find'[0m

  37) 投稿のテスト 詳細画面のテスト 自分・他人共通の投稿詳細画面の表示を確認 コメント投稿に失敗する
      [31mFailure/Error: let!(:book2_comment) { create(:book_comment, user: user2, book: book2) }[0m
      [31m[0m
      [31mKeyError:[0m
      [31m  Factory not registered: "book_comment"[0m
      [36m# /home/ec2-user/.rvm/gems/ruby-2.6.3/gems/factory_bot-6.1.0/lib/factory_bot/registry.rb:23:in `find'[0m
      [36m# /home/ec2-user/.rvm/gems/ruby-2.6.3/gems/factory_bot-6.1.0/lib/factory_bot/decorator.rb:21:in `method_missing'[0m
      [36m# /home/ec2-user/.rvm/gems/ruby-2.6.3/gems/factory_bot-6.1.0/lib/factory_bot/internal.rb:70:in `factory_by_name'[0m
      [36m# /home/ec2-user/.rvm/gems/ruby-2.6.3/gems/factory_bot-6.1.0/lib/factory_bot/factory_runner.rb:12:in `run'[0m
      [36m# /home/ec2-user/.rvm/gems/ruby-2.6.3/gems/factory_bot-6.1.0/lib/factory_bot/strategy_syntax_method_registrar.rb:28:in `block in define_singular_strategy_method'[0m
      [36m# ./spec/spec-2/system/books_spec.rb:8:in `block (2 levels) in <main>'[0m
      [36m# ------------------[0m
      [36m# --- Caused by: ---[0m
      [36m# KeyError:[0m
      [36m#   key not found: "book_comment"[0m
      [36m#   /home/ec2-user/.rvm/gems/ruby-2.6.3/gems/factory_bot-6.1.0/lib/factory_bot/registry.rb:23:in `find'[0m

  38) 投稿のテスト 詳細画面のテスト 自分の投稿詳細画面の表示を確認 投稿の編集リンクが表示される
      [31mFailure/Error: let!(:book2_comment) { create(:book_comment, user: user2, book: book2) }[0m
      [31m[0m
      [31mKeyError:[0m
      [31m  Factory not registered: "book_comment"[0m
      [36m# /home/ec2-user/.rvm/gems/ruby-2.6.3/gems/factory_bot-6.1.0/lib/factory_bot/registry.rb:23:in `find'[0m
      [36m# /home/ec2-user/.rvm/gems/ruby-2.6.3/gems/factory_bot-6.1.0/lib/factory_bot/decorator.rb:21:in `method_missing'[0m
      [36m# /home/ec2-user/.rvm/gems/ruby-2.6.3/gems/factory_bot-6.1.0/lib/factory_bot/internal.rb:70:in `factory_by_name'[0m
      [36m# /home/ec2-user/.rvm/gems/ruby-2.6.3/gems/factory_bot-6.1.0/lib/factory_bot/factory_runner.rb:12:in `run'[0m
      [36m# /home/ec2-user/.rvm/gems/ruby-2.6.3/gems/factory_bot-6.1.0/lib/factory_bot/strategy_syntax_method_registrar.rb:28:in `block in define_singular_strategy_method'[0m
      [36m# ./spec/spec-2/system/books_spec.rb:8:in `block (2 levels) in <main>'[0m
      [36m# ------------------[0m
      [36m# --- Caused by: ---[0m
      [36m# KeyError:[0m
      [36m#   key not found: "book_comment"[0m
      [36m#   /home/ec2-user/.rvm/gems/ruby-2.6.3/gems/factory_bot-6.1.0/lib/factory_bot/registry.rb:23:in `find'[0m

  39) 投稿のテスト 詳細画面のテスト 自分の投稿詳細画面の表示を確認 投稿の削除リンクが表示される
      [31mFailure/Error: let!(:book2_comment) { create(:book_comment, user: user2, book: book2) }[0m
      [31m[0m
      [31mKeyError:[0m
      [31m  Factory not registered: "book_comment"[0m
      [36m# /home/ec2-user/.rvm/gems/ruby-2.6.3/gems/factory_bot-6.1.0/lib/factory_bot/registry.rb:23:in `find'[0m
      [36m# /home/ec2-user/.rvm/gems/ruby-2.6.3/gems/factory_bot-6.1.0/lib/factory_bot/decorator.rb:21:in `method_missing'[0m
      [36m# /home/ec2-user/.rvm/gems/ruby-2.6.3/gems/factory_bot-6.1.0/lib/factory_bot/internal.rb:70:in `factory_by_name'[0m
      [36m# /home/ec2-user/.rvm/gems/ruby-2.6.3/gems/factory_bot-6.1.0/lib/factory_bot/factory_runner.rb:12:in `run'[0m
      [36m# /home/ec2-user/.rvm/gems/ruby-2.6.3/gems/factory_bot-6.1.0/lib/factory_bot/strategy_syntax_method_registrar.rb:28:in `block in define_singular_strategy_method'[0m
      [36m# ./spec/spec-2/system/books_spec.rb:8:in `block (2 levels) in <main>'[0m
      [36m# ------------------[0m
      [36m# --- Caused by: ---[0m
      [36m# KeyError:[0m
      [36m#   key not found: "book_comment"[0m
      [36m#   /home/ec2-user/.rvm/gems/ruby-2.6.3/gems/factory_bot-6.1.0/lib/factory_bot/registry.rb:23:in `find'[0m

  40) 投稿のテスト 詳細画面のテスト 他人の投稿詳細画面の表示を確認 投稿の編集リンクが表示されない
      [31mFailure/Error: let!(:book2_comment) { create(:book_comment, user: user2, book: book2) }[0m
      [31m[0m
      [31mKeyError:[0m
      [31m  Factory not registered: "book_comment"[0m
      [36m# /home/ec2-user/.rvm/gems/ruby-2.6.3/gems/factory_bot-6.1.0/lib/factory_bot/registry.rb:23:in `find'[0m
      [36m# /home/ec2-user/.rvm/gems/ruby-2.6.3/gems/factory_bot-6.1.0/lib/factory_bot/decorator.rb:21:in `method_missing'[0m
      [36m# /home/ec2-user/.rvm/gems/ruby-2.6.3/gems/factory_bot-6.1.0/lib/factory_bot/internal.rb:70:in `factory_by_name'[0m
      [36m# /home/ec2-user/.rvm/gems/ruby-2.6.3/gems/factory_bot-6.1.0/lib/factory_bot/factory_runner.rb:12:in `run'[0m
      [36m# /home/ec2-user/.rvm/gems/ruby-2.6.3/gems/factory_bot-6.1.0/lib/factory_bot/strategy_syntax_method_registrar.rb:28:in `block in define_singular_strategy_method'[0m
      [36m# ./spec/spec-2/system/books_spec.rb:8:in `block (2 levels) in <main>'[0m
      [36m# ------------------[0m
      [36m# --- Caused by: ---[0m
      [36m# KeyError:[0m
      [36m#   key not found: "book_comment"[0m
      [36m#   /home/ec2-user/.rvm/gems/ruby-2.6.3/gems/factory_bot-6.1.0/lib/factory_bot/registry.rb:23:in `find'[0m

  41) 投稿のテスト 詳細画面のテスト 他人の投稿詳細画面の表示を確認 投稿の削除リンクが表示されない
      [31mFailure/Error: let!(:book2_comment) { create(:book_comment, user: user2, book: book2) }[0m
      [31m[0m
      [31mKeyError:[0m
      [31m  Factory not registered: "book_comment"[0m
      [36m# /home/ec2-user/.rvm/gems/ruby-2.6.3/gems/factory_bot-6.1.0/lib/factory_bot/registry.rb:23:in `find'[0m
      [36m# /home/ec2-user/.rvm/gems/ruby-2.6.3/gems/factory_bot-6.1.0/lib/factory_bot/decorator.rb:21:in `method_missing'[0m
      [36m# /home/ec2-user/.rvm/gems/ruby-2.6.3/gems/factory_bot-6.1.0/lib/factory_bot/internal.rb:70:in `factory_by_name'[0m
      [36m# /home/ec2-user/.rvm/gems/ruby-2.6.3/gems/factory_bot-6.1.0/lib/factory_bot/factory_runner.rb:12:in `run'[0m
      [36m# /home/ec2-user/.rvm/gems/ruby-2.6.3/gems/factory_bot-6.1.0/lib/factory_bot/strategy_syntax_method_registrar.rb:28:in `block in define_singular_strategy_method'[0m
      [36m# ./spec/spec-2/system/books_spec.rb:8:in `block (2 levels) in <main>'[0m
      [36m# ------------------[0m
      [36m# --- Caused by: ---[0m
      [36m# KeyError:[0m
      [36m#   key not found: "book_comment"[0m
      [36m#   /home/ec2-user/.rvm/gems/ruby-2.6.3/gems/factory_bot-6.1.0/lib/factory_bot/registry.rb:23:in `find'[0m

  42) bootstrapのテスト グリッドシステムのテスト ユーザー関連画面 一覧画面
      [31mFailure/Error: visit new_user_session_path[0m
      [31m[0m
      [31mNameError:[0m
      [31m  undefined local variable or method `new_user_session_path' for #<RSpec::ExampleGroups::Bootstrap::Nested::Nested:0x0000000006ac3ae0>[0m
      [36m# ./spec/spec-2/system/bootstrap_spec.rb:8:in `block (3 levels) in <main>'[0m

  43) bootstrapのテスト グリッドシステムのテスト ユーザー関連画面 詳細画面
      [31mFailure/Error: visit new_user_session_path[0m
      [31m[0m
      [31mNameError:[0m
      [31m  undefined local variable or method `new_user_session_path' for #<RSpec::ExampleGroups::Bootstrap::Nested::Nested:0x0000000006ae25f8>[0m
      [36m# ./spec/spec-2/system/bootstrap_spec.rb:8:in `block (3 levels) in <main>'[0m

  44) bootstrapのテスト グリッドシステムのテスト 投稿関連画面 一覧画面
      [31mFailure/Error: visit new_user_session_path[0m
      [31m[0m
      [31mNameError:[0m
      [31m  undefined local variable or method `new_user_session_path' for #<RSpec::ExampleGroups::Bootstrap::Nested::Nested_2:0x0000000006b08140>[0m
      [36m# ./spec/spec-2/system/bootstrap_spec.rb:8:in `block (3 levels) in <main>'[0m

  45) bootstrapのテスト グリッドシステムのテスト 投稿関連画面 詳細画面
      [31mFailure/Error: visit new_user_session_path[0m
      [31m[0m
      [31mNameError:[0m
      [31m  undefined local variable or method `new_user_session_path' for #<RSpec::ExampleGroups::Bootstrap::Nested::Nested_2:0x0000000006b2f178>[0m
      [36m# ./spec/spec-2/system/bootstrap_spec.rb:8:in `block (3 levels) in <main>'[0m

  46) ヘッダーのテスト ログインしていない場合 ヘッダーの表示を確認 タイトルが表示される
      [31mFailure/Error: visit root_path[0m
      [31m[0m
      [31mNameError:[0m
      [31m  undefined local variable or method `root_path' for #<RSpec::ExampleGroups::Nested_2::Nested::Nested:0x0000000006b50b20>[0m
      [36m# ./spec/spec-2/system/header_spec.rb:6:in `block (3 levels) in <main>'[0m

  47) ヘッダーのテスト ログインしていない場合 ヘッダーの表示を確認 Homeリンクが表示される
      [31mFailure/Error: visit root_path[0m
      [31m[0m
      [31mNameError:[0m
      [31m  undefined local variable or method `root_path' for #<RSpec::ExampleGroups::Nested_2::Nested::Nested:0x0000000006b55c10>[0m
      [36m# ./spec/spec-2/system/header_spec.rb:6:in `block (3 levels) in <main>'[0m

  48) ヘッダーのテスト ログインしていない場合 ヘッダーの表示を確認 Aboutリンクが表示される
      [31mFailure/Error: visit root_path[0m
      [31m[0m
      [31mNameError:[0m
      [31m  undefined local variable or method `root_path' for #<RSpec::ExampleGroups::Nested_2::Nested::Nested:0x0000000006b5b020>[0m
      [36m# ./spec/spec-2/system/header_spec.rb:6:in `block (3 levels) in <main>'[0m

  49) ヘッダーのテスト ログインしていない場合 ヘッダーの表示を確認 Sign upリンクが表示される
      [31mFailure/Error: visit root_path[0m
      [31m[0m
      [31mNameError:[0m
      [31m  undefined local variable or method `root_path' for #<RSpec::ExampleGroups::Nested_2::Nested::Nested:0x0000000006b58488>[0m
      [36m# ./spec/spec-2/system/header_spec.rb:6:in `block (3 levels) in <main>'[0m

  50) ヘッダーのテスト ログインしていない場合 ヘッダーの表示を確認 loginリンクが表示される
      [31mFailure/Error: visit root_path[0m
      [31m[0m
      [31mNameError:[0m
      [31m  undefined local variable or method `root_path' for #<RSpec::ExampleGroups::Nested_2::Nested::Nested:0x0000000006b61880>[0m
      [36m# ./spec/spec-2/system/header_spec.rb:6:in `block (3 levels) in <main>'[0m

  51) ヘッダーのテスト ログインしていない場合 ヘッダーのリンクを確認 Home画面に遷移する
      [31mFailure/Error: visit root_path[0m
      [31m[0m
      [31mNameError:[0m
      [31m  undefined local variable or method `root_path' for #<RSpec::ExampleGroups::Nested_2::Nested::Nested_2:0x0000000006b6a4a8>[0m
      [36m# ./spec/spec-2/system/header_spec.rb:6:in `block (3 levels) in <main>'[0m

  52) ヘッダーのテスト ログインしていない場合 ヘッダーのリンクを確認 About画面に遷移する
      [31mFailure/Error: visit root_path[0m
      [31m[0m
      [31mNameError:[0m
      [31m  undefined local variable or method `root_path' for #<RSpec::ExampleGroups::Nested_2::Nested::Nested_2:0x0000000006b6f7a0>[0m
      [36m# ./spec/spec-2/system/header_spec.rb:6:in `block (3 levels) in <main>'[0m

  53) ヘッダーのテスト ログインしていない場合 ヘッダーのリンクを確認 新規登録画面に遷移する
      [31mFailure/Error: visit root_path[0m
      [31m[0m
      [31mNameError:[0m
      [31m  undefined local variable or method `root_path' for #<RSpec::ExampleGroups::Nested_2::Nested::Nested_2:0x0000000006b6cc08>[0m
      [36m# ./spec/spec-2/system/header_spec.rb:6:in `block (3 levels) in <main>'[0m

  54) ヘッダーのテスト ログインしていない場合 ヘッダーのリンクを確認 ログイン画面に遷移する
      [31mFailure/Error: visit root_path[0m
      [31m[0m
      [31mNameError:[0m
      [31m  undefined local variable or method `root_path' for #<RSpec::ExampleGroups::Nested_2::Nested::Nested_2:0x0000000006b72018>[0m
      [36m# ./spec/spec-2/system/header_spec.rb:6:in `block (3 levels) in <main>'[0m

  55) ヘッダーのテスト ログインしている場合 ヘッダーの表示を確認 タイトルが表示される
      [31mFailure/Error: visit new_user_session_path[0m
      [31m[0m
      [31mNameError:[0m
      [31m  undefined local variable or method `new_user_session_path' for #<RSpec::ExampleGroups::Nested_2::Nested_2::Nested:0x0000000006b76500>[0m
      [36m# ./spec/spec-2/system/header_spec.rb:67:in `block (3 levels) in <main>'[0m

  56) ヘッダーのテスト ログインしている場合 ヘッダーの表示を確認 Homeリンクが表示される
      [31mFailure/Error: visit new_user_session_path[0m
      [31m[0m
      [31mNameError:[0m
      [31m  undefined local variable or method `new_user_session_path' for #<RSpec::ExampleGroups::Nested_2::Nested_2::Nested:0x0000000006b7f790>[0m
      [36m# ./spec/spec-2/system/header_spec.rb:67:in `block (3 levels) in <main>'[0m

  57) ヘッダーのテスト ログインしている場合 ヘッダーの表示を確認 Usersリンクが表示される
      [31mFailure/Error: visit new_user_session_path[0m
      [31m[0m
      [31mNameError:[0m
      [31m  undefined local variable or method `new_user_session_path' for #<RSpec::ExampleGroups::Nested_2::Nested_2::Nested:0x0000000006b7cbf8>[0m
      [36m# ./spec/spec-2/system/header_spec.rb:67:in `block (3 levels) in <main>'[0m

  58) ヘッダーのテスト ログインしている場合 ヘッダーの表示を確認 Booksリンクが表示される
      [31mFailure/Error: visit new_user_session_path[0m
      [31m[0m
      [31mNameError:[0m
      [31m  undefined local variable or method `new_user_session_path' for #<RSpec::ExampleGroups::Nested_2::Nested_2::Nested:0x0000000006b82008>[0m
      [36m# ./spec/spec-2/system/header_spec.rb:67:in `block (3 levels) in <main>'[0m

  59) ヘッダーのテスト ログインしている場合 ヘッダーの表示を確認 logoutリンクが表示される
      [31mFailure/Error: visit new_user_session_path[0m
      [31m[0m
      [31mNameError:[0m
      [31m  undefined local variable or method `new_user_session_path' for #<RSpec::ExampleGroups::Nested_2::Nested_2::Nested:0x0000000006b8b450>[0m
      [36m# ./spec/spec-2/system/header_spec.rb:67:in `block (3 levels) in <main>'[0m

  60) ヘッダーのテスト ログインしている場合 ヘッダーのリンクを確認 Home画面に遷移する
      [31mFailure/Error: visit new_user_session_path[0m
      [31m[0m
      [31mNameError:[0m
      [31m  undefined local variable or method `new_user_session_path' for #<RSpec::ExampleGroups::Nested_2::Nested_2::Nested_2:0x0000000006b880c0>[0m
      [36m# ./spec/spec-2/system/header_spec.rb:67:in `block (3 levels) in <main>'[0m

  61) ヘッダーのテスト ログインしている場合 ヘッダーのリンクを確認 Users画面に遷移する
      [31mFailure/Error: visit new_user_session_path[0m
      [31m[0m
      [31mNameError:[0m
      [31m  undefined local variable or method `new_user_session_path' for #<RSpec::ExampleGroups::Nested_2::Nested_2::Nested_2:0x0000000006b8d318>[0m
      [36m# ./spec/spec-2/system/header_spec.rb:67:in `block (3 levels) in <main>'[0m

  62) ヘッダーのテスト ログインしている場合 ヘッダーのリンクを確認 Books画面に遷移する
      [31mFailure/Error: visit new_user_session_path[0m
      [31m[0m
      [31mNameError:[0m
      [31m  undefined local variable or method `new_user_session_path' for #<RSpec::ExampleGroups::Nested_2::Nested_2::Nested_2:0x0000000006b96760>[0m
      [36m# ./spec/spec-2/system/header_spec.rb:67:in `block (3 levels) in <main>'[0m

  63) ヘッダーのテスト ログインしている場合 ヘッダーのリンクを確認 logoutする
      [31mFailure/Error: visit new_user_session_path[0m
      [31m[0m
      [31mNameError:[0m
      [31m  undefined local variable or method `new_user_session_path' for #<RSpec::ExampleGroups::Nested_2::Nested_2::Nested_2:0x0000000006b9bb98>[0m
      [36m# ./spec/spec-2/system/header_spec.rb:67:in `block (3 levels) in <main>'[0m

  64) ユーザー権限のテスト ログインしていない場合 投稿関連のURLにアクセス 一覧画面に遷移できない
      [31mFailure/Error: visit books_path[0m
      [31m[0m
      [31mNameError:[0m
      [31m  undefined local variable or method `books_path' for #<RSpec::ExampleGroups::Nested_3::Nested::URL:0x0000000006b9f5e0>[0m
      [36m# ./spec/spec-2/system/main_spec.rb:9:in `block (4 levels) in <main>'[0m

  65) ユーザー権限のテスト ログインしていない場合 投稿関連のURLにアクセス 編集画面に遷移できない
      [31mFailure/Error: visit edit_book_path(book.id)[0m
      [31m[0m
      [31mNoMethodError:[0m
      [31m  undefined method `edit_book_path' for #<RSpec::ExampleGroups::Nested_3::Nested::URL:0x0000000006bc2540>[0m
      [36m# ./spec/spec-2/system/main_spec.rb:13:in `block (4 levels) in <main>'[0m

  66) ユーザー権限のテスト ログインしていない場合 投稿関連のURLにアクセス 詳細画面に遷移できない
      [31mFailure/Error: visit book_path(book.id)[0m
      [31m[0m
      [31mNoMethodError:[0m
      [31m  undefined method `book_path' for #<RSpec::ExampleGroups::Nested_3::Nested::URL:0x0000000006be1918>[0m
      [36m# ./spec/spec-2/system/main_spec.rb:17:in `block (4 levels) in <main>'[0m

  67) ユーザー権限のテスト ログインしていない場合にユーザー関連のURLにアクセス ユーザー関連のURLにアクセス 一覧画面に遷移できない
      [31mFailure/Error: visit users_path[0m
      [31m[0m
      [31mNameError:[0m
      [31m  undefined local variable or method `users_path' for #<RSpec::ExampleGroups::Nested_3::URL::URL:0x0000000006c0be70>[0m
      [36m# ./spec/spec-2/system/main_spec.rb:25:in `block (4 levels) in <main>'[0m

  68) ユーザー権限のテスト ログインしていない場合にユーザー関連のURLにアクセス ユーザー関連のURLにアクセス 編集画面に遷移できない
      [31mFailure/Error: visit edit_user_path(user.id)[0m
      [31m[0m
      [31mNoMethodError:[0m
      [31m  undefined method `edit_user_path' for #<RSpec::ExampleGroups::Nested_3::URL::URL:0x0000000006c2a870>[0m
      [36m# ./spec/spec-2/system/main_spec.rb:29:in `block (4 levels) in <main>'[0m

  69) ユーザー権限のテスト ログインしていない場合にユーザー関連のURLにアクセス ユーザー関連のURLにアクセス 詳細画面に遷移でない
      [31mFailure/Error: visit user_path(user.id)[0m
      [31m[0m
      [31mNoMethodError:[0m
      [31m  undefined method `user_path' for #<RSpec::ExampleGroups::Nested_3::URL::URL:0x0000000006c4ddc0>[0m
      [36m# ./spec/spec-2/system/main_spec.rb:33:in `block (4 levels) in <main>'[0m

  70) トップページのテスト ボディ部分のテスト 表示の確認 Log inリンクが表示される
      [31mFailure/Error: visit root_path[0m
      [31m[0m
      [31mNameError:[0m
      [31m  undefined local variable or method `root_path' for #<RSpec::ExampleGroups::Nested_4::Nested::Nested:0x0000000006c73958>[0m
      [36m# ./spec/spec-2/system/top_spec.rb:6:in `block (2 levels) in <main>'[0m

  71) トップページのテスト ボディ部分のテスト 表示の確認 Sign Upリンクが表示される
      [31mFailure/Error: visit root_path[0m
      [31m[0m
      [31mNameError:[0m
      [31m  undefined local variable or method `root_path' for #<RSpec::ExampleGroups::Nested_4::Nested::Nested:0x0000000006c70960>[0m
      [36m# ./spec/spec-2/system/top_spec.rb:6:in `block (2 levels) in <main>'[0m

  72) トップページのテスト ボディ部分のテスト ログインしている場合の挙動を確認 Log inリンクをクリックしたらユーザー詳細画面へ遷移する
      [31mFailure/Error: visit root_path[0m
      [31m[0m
      [31mNameError:[0m
      [31m  undefined local variable or method `root_path' for #<RSpec::ExampleGroups::Nested_4::Nested::Nested_2:0x0000000006c79380>[0m
      [36m# ./spec/spec-2/system/top_spec.rb:6:in `block (2 levels) in <main>'[0m

  73) トップページのテスト ボディ部分のテスト ログインしている場合の挙動を確認 Sign Upリンクをクリックしたらユーザー詳細画面に遷移する
      [31mFailure/Error: visit root_path[0m
      [31m[0m
      [31mNameError:[0m
      [31m  undefined local variable or method `root_path' for #<RSpec::ExampleGroups::Nested_4::Nested::Nested_2:0x0000000006c7e498>[0m
      [36m# ./spec/spec-2/system/top_spec.rb:6:in `block (2 levels) in <main>'[0m

  74) トップページのテスト ボディ部分のテスト ログインしていない場合の挙動を確認 Log inリンクをクリックしたらログイン画面へ遷移する
      [31mFailure/Error: visit root_path[0m
      [31m[0m
      [31mNameError:[0m
      [31m  undefined local variable or method `root_path' for #<RSpec::ExampleGroups::Nested_4::Nested::Nested_3:0x0000000006c87160>[0m
      [36m# ./spec/spec-2/system/top_spec.rb:6:in `block (2 levels) in <main>'[0m

  75) トップページのテスト ボディ部分のテスト ログインしていない場合の挙動を確認 Sign Upリンクをクリックしたら新規登録画面に遷移する
      [31mFailure/Error: visit root_path[0m
      [31m[0m
      [31mNameError:[0m
      [31m  undefined local variable or method `root_path' for #<RSpec::ExampleGroups::Nested_4::Nested::Nested_3:0x0000000006c844d8>[0m
      [36m# ./spec/spec-2/system/top_spec.rb:6:in `block (2 levels) in <main>'[0m

  76) ユーザー認証のテスト ユーザー新規登録 新規登録画面に遷移 新規登録に成功する
      [31mFailure/Error: visit new_user_registration_path[0m
      [31m[0m
      [31mNameError:[0m
      [31m  undefined local variable or method `new_user_registration_path' for #<RSpec::ExampleGroups::Nested_5::Nested::Nested:0x0000000006c8ff40>[0m
      [36m# ./spec/spec-2/system/users_spec.rb:6:in `block (3 levels) in <main>'[0m

  77) ユーザー認証のテスト ユーザー新規登録 新規登録画面に遷移 新規登録に失敗する
      [31mFailure/Error: visit new_user_registration_path[0m
      [31m[0m
      [31mNameError:[0m
      [31m  undefined local variable or method `new_user_registration_path' for #<RSpec::ExampleGroups::Nested_5::Nested::Nested:0x0000000006c8d010>[0m
      [36m# ./spec/spec-2/system/users_spec.rb:6:in `block (3 levels) in <main>'[0m

  78) ユーザー認証のテスト ユーザーログイン ログイン画面に遷移 ログインに成功する
      [31mFailure/Error: visit new_user_session_path[0m
      [31m[0m
      [31mNameError:[0m
      [31m  undefined local variable or method `new_user_session_path' for #<RSpec::ExampleGroups::Nested_5::Nested_2::Nested:0x0000000006c954b8>[0m
      [36m# ./spec/spec-2/system/users_spec.rb:32:in `block (3 levels) in <main>'[0m

  79) ユーザー認証のテスト ユーザーログイン ログイン画面に遷移 ログインに失敗する
      [31mFailure/Error: visit new_user_session_path[0m
      [31m[0m
      [31mNameError:[0m
      [31m  undefined local variable or method `new_user_session_path' for #<RSpec::ExampleGroups::Nested_5::Nested_2::Nested:0x0000000006c9d8e8>[0m
      [36m# ./spec/spec-2/system/users_spec.rb:32:in `block (3 levels) in <main>'[0m

  80) ユーザーのテスト サイドバーのテスト 表示の確認 User infoと表示される
      [31mFailure/Error: visit new_user_session_path[0m
      [31m[0m
      [31mNameError:[0m
      [31m  undefined local variable or method `new_user_session_path' for #<RSpec::ExampleGroups::Nested_6::Nested::Nested:0x0000000006cb3b98>[0m
      [36m# ./spec/spec-2/system/users_spec.rb:60:in `block (2 levels) in <main>'[0m

  81) ユーザーのテスト サイドバーのテスト 表示の確認 画像が表示される
      [31mFailure/Error: visit new_user_session_path[0m
      [31m[0m
      [31mNameError:[0m
      [31m  undefined local variable or method `new_user_session_path' for #<RSpec::ExampleGroups::Nested_6::Nested::Nested:0x0000000006cee5e0>[0m
      [36m# ./spec/spec-2/system/users_spec.rb:60:in `block (2 levels) in <main>'[0m

  82) ユーザーのテスト サイドバーのテスト 表示の確認 名前が表示される
      [31mFailure/Error: visit new_user_session_path[0m
      [31m[0m
      [31mNameError:[0m
      [31m  undefined local variable or method `new_user_session_path' for #<RSpec::ExampleGroups::Nested_6::Nested::Nested:0x0000000006d25a68>[0m
      [36m# ./spec/spec-2/system/users_spec.rb:60:in `block (2 levels) in <main>'[0m

  83) ユーザーのテスト サイドバーのテスト 表示の確認 自己紹介が表示される
      [31mFailure/Error: visit new_user_session_path[0m
      [31m[0m
      [31mNameError:[0m
      [31m  undefined local variable or method `new_user_session_path' for #<RSpec::ExampleGroups::Nested_6::Nested::Nested:0x0000000006d6b540>[0m
      [36m# ./spec/spec-2/system/users_spec.rb:60:in `block (2 levels) in <main>'[0m

  84) ユーザーのテスト サイドバーのテスト 表示の確認 編集リンクが表示される
      [31mFailure/Error: visit new_user_session_path[0m
      [31m[0m
      [31mNameError:[0m
      [31m  undefined local variable or method `new_user_session_path' for #<RSpec::ExampleGroups::Nested_6::Nested::Nested:0x0000000006dad3c8>[0m
      [36m# ./spec/spec-2/system/users_spec.rb:60:in `block (2 levels) in <main>'[0m

  85) ユーザーのテスト 編集のテスト 自分の編集画面への遷移 遷移できる
      [31mFailure/Error: visit new_user_session_path[0m
      [31m[0m
      [31mNameError:[0m
      [31m  undefined local variable or method `new_user_session_path' for #<RSpec::ExampleGroups::Nested_6::Nested_2::Nested:0x0000000006def0c0>[0m
      [36m# ./spec/spec-2/system/users_spec.rb:60:in `block (2 levels) in <main>'[0m

  86) ユーザーのテスト 編集のテスト 他人の編集画面への遷移 遷移できない
      [31mFailure/Error: visit new_user_session_path[0m
      [31m[0m
      [31mNameError:[0m
      [31m  undefined local variable or method `new_user_session_path' for #<RSpec::ExampleGroups::Nested_6::Nested_2::Nested_2:0x0000000006e24f90>[0m
      [36m# ./spec/spec-2/system/users_spec.rb:60:in `block (2 levels) in <main>'[0m

  87) ユーザーのテスト 編集のテスト 表示の確認 User infoと表示される
      [31mFailure/Error: visit new_user_session_path[0m
      [31m[0m
      [31mNameError:[0m
      [31m  undefined local variable or method `new_user_session_path' for #<RSpec::ExampleGroups::Nested_6::Nested_2::Nested_3:0x0000000006e6af90>[0m
      [36m# ./spec/spec-2/system/users_spec.rb:60:in `block (2 levels) in <main>'[0m

  88) ユーザーのテスト 編集のテスト 表示の確認 名前編集フォームに自分の名前が表示される
      [31mFailure/Error: visit new_user_session_path[0m
      [31m[0m
      [31mNameError:[0m
      [31m  undefined local variable or method `new_user_session_path' for #<RSpec::ExampleGroups::Nested_6::Nested_2::Nested_3:0x0000000006ea54b0>[0m
      [36m# ./spec/spec-2/system/users_spec.rb:60:in `block (2 levels) in <main>'[0m

  89) ユーザーのテスト 編集のテスト 表示の確認 画像編集フォームが表示される
      [31mFailure/Error: visit new_user_session_path[0m
      [31m[0m
      [31mNameError:[0m
      [31m  undefined local variable or method `new_user_session_path' for #<RSpec::ExampleGroups::Nested_6::Nested_2::Nested_3:0x0000000006ee0560>[0m
      [36m# ./spec/spec-2/system/users_spec.rb:60:in `block (2 levels) in <main>'[0m

  90) ユーザーのテスト 編集のテスト 表示の確認 自己紹介編集フォームに自分の自己紹介が表示される
      [31mFailure/Error: visit new_user_session_path[0m
      [31m[0m
      [31mNameError:[0m
      [31m  undefined local variable or method `new_user_session_path' for #<RSpec::ExampleGroups::Nested_6::Nested_2::Nested_3:0x0000000006f22f50>[0m
      [36m# ./spec/spec-2/system/users_spec.rb:60:in `block (2 levels) in <main>'[0m

  91) ユーザーのテスト 編集のテスト 表示の確認 編集に成功する
      [31mFailure/Error: visit new_user_session_path[0m
      [31m[0m
      [31mNameError:[0m
      [31m  undefined local variable or method `new_user_session_path' for #<RSpec::ExampleGroups::Nested_6::Nested_2::Nested_3:0x0000000006f61458>[0m
      [36m# ./spec/spec-2/system/users_spec.rb:60:in `block (2 levels) in <main>'[0m

  92) ユーザーのテスト 編集のテスト 表示の確認 編集に失敗する
      [31mFailure/Error: visit new_user_session_path[0m
      [31m[0m
      [31mNameError:[0m
      [31m  undefined local variable or method `new_user_session_path' for #<RSpec::ExampleGroups::Nested_6::Nested_2::Nested_3:0x0000000006f992b8>[0m
      [36m# ./spec/spec-2/system/users_spec.rb:60:in `block (2 levels) in <main>'[0m

  93) ユーザーのテスト 一覧画面のテスト 表示の確認 Usersと表示される
      [31mFailure/Error: visit new_user_session_path[0m
      [31m[0m
      [31mNameError:[0m
      [31m  undefined local variable or method `new_user_session_path' for #<RSpec::ExampleGroups::Nested_6::Nested_3::Nested:0x0000000006fdb320>[0m
      [36m# ./spec/spec-2/system/users_spec.rb:60:in `block (2 levels) in <main>'[0m

  94) ユーザーのテスト 一覧画面のテスト 表示の確認 自分と他の人の画像が表示される
      [31mFailure/Error: visit new_user_session_path[0m
      [31m[0m
      [31mNameError:[0m
      [31m  undefined local variable or method `new_user_session_path' for #<RSpec::ExampleGroups::Nested_6::Nested_3::Nested:0x0000000007015e58>[0m
      [36m# ./spec/spec-2/system/users_spec.rb:60:in `block (2 levels) in <main>'[0m

  95) ユーザーのテスト 一覧画面のテスト 表示の確認 自分と他の人の名前が表示される
      [31mFailure/Error: visit new_user_session_path[0m
      [31m[0m
      [31mNameError:[0m
      [31m  undefined local variable or method `new_user_session_path' for #<RSpec::ExampleGroups::Nested_6::Nested_3::Nested:0x000000000705bb60>[0m
      [36m# ./spec/spec-2/system/users_spec.rb:60:in `block (2 levels) in <main>'[0m

  96) ユーザーのテスト 一覧画面のテスト 表示の確認 showリンクが表示される
      [31mFailure/Error: visit new_user_session_path[0m
      [31m[0m
      [31mNameError:[0m
      [31m  undefined local variable or method `new_user_session_path' for #<RSpec::ExampleGroups::Nested_6::Nested_3::Nested:0x0000000007096210>[0m
      [36m# ./spec/spec-2/system/users_spec.rb:60:in `block (2 levels) in <main>'[0m

  97) ユーザーのテスト 詳細画面のテスト 表示の確認 Booksと表示される
      [31mFailure/Error: visit new_user_session_path[0m
      [31m[0m
      [31mNameError:[0m
      [31m  undefined local variable or method `new_user_session_path' for #<RSpec::ExampleGroups::Nested_6::Nested_4::Nested:0x00000000070d7850>[0m
      [36m# ./spec/spec-2/system/users_spec.rb:60:in `block (2 levels) in <main>'[0m

  98) ユーザーのテスト 詳細画面のテスト 表示の確認 投稿一覧のユーザーの画像のリンク先が正しい
      [31mFailure/Error: visit new_user_session_path[0m
      [31m[0m
      [31mNameError:[0m
      [31m  undefined local variable or method `new_user_session_path' for #<RSpec::ExampleGroups::Nested_6::Nested_4::Nested:0x0000000007115bf0>[0m
      [36m# ./spec/spec-2/system/users_spec.rb:60:in `block (2 levels) in <main>'[0m

  99) ユーザーのテスト 詳細画面のテスト 表示の確認 投稿一覧のtitleのリンク先が正しい
      [31mFailure/Error: visit new_user_session_path[0m
      [31m[0m
      [31mNameError:[0m
      [31m  undefined local variable or method `new_user_session_path' for #<RSpec::ExampleGroups::Nested_6::Nested_4::Nested:0x000000000714d190>[0m
      [36m# ./spec/spec-2/system/users_spec.rb:60:in `block (2 levels) in <main>'[0m

  100) ユーザーのテスト 詳細画面のテスト 表示の確認 投稿一覧にopinionが表示される
       [31mFailure/Error: visit new_user_session_path[0m
       [31m[0m
       [31mNameError:[0m
       [31m  undefined local variable or method `new_user_session_path' for #<RSpec::ExampleGroups::Nested_6::Nested_4::Nested:0x000000000718c098>[0m
       [36m# ./spec/spec-2/system/users_spec.rb:60:in `block (2 levels) in <main>'[0m

Finished in 18.53 seconds (files took 1.4 seconds to load)
[31m310 examples, 100 failures[0m

Failed examples:

[31mrspec ./spec/spec-2/models/book_comment_spec.rb:11[0m [36m# BookCommentモデルのテスト バリデーションのテスト commentカラム 空欄でないこと[0m
[31mrspec ./spec/spec-2/models/favorite_spec.rb:10[0m [36m# Favoriteモデルのテスト バリデーションのテスト 一意性の確認 1ユーザーが1つの本に対し、2回以上いいねできない[0m
[31mrspec ./spec/spec-2/system/books_spec.rb:17[0m [36m# 投稿のテスト サイドバーのテスト 表示の確認 New bookと表示される[0m
[31mrspec ./spec/spec-2/system/books_spec.rb:20[0m [36m# 投稿のテスト サイドバーのテスト 表示の確認 titleフォームが表示される[0m
[31mrspec ./spec/spec-2/system/books_spec.rb:23[0m [36m# 投稿のテスト サイドバーのテスト 表示の確認 opinionフォームが表示される[0m
[31mrspec ./spec/spec-2/system/books_spec.rb:26[0m [36m# 投稿のテスト サイドバーのテスト 表示の確認 Create Bookボタンが表示される[0m
[31mrspec ./spec/spec-2/system/books_spec.rb:29[0m [36m# 投稿のテスト サイドバーのテスト 表示の確認 投稿に成功する[0m
[31mrspec ./spec/spec-2/system/books_spec.rb:35[0m [36m# 投稿のテスト サイドバーのテスト 表示の確認 投稿に失敗する[0m
[31mrspec ./spec/spec-2/system/books_spec.rb:45[0m [36m# 投稿のテスト 編集のテスト 自分の投稿の編集画面への遷移 遷移できる[0m
[31mrspec ./spec/spec-2/system/books_spec.rb:51[0m [36m# 投稿のテスト 編集のテスト 他人の投稿の編集画面への遷移 遷移できない[0m
[31mrspec ./spec/spec-2/system/books_spec.rb:60[0m [36m# 投稿のテスト 編集のテスト 表示の確認 Editing Bookと表示される[0m
[31mrspec ./spec/spec-2/system/books_spec.rb:63[0m [36m# 投稿のテスト 編集のテスト 表示の確認 title編集フォームが表示される[0m
[31mrspec ./spec/spec-2/system/books_spec.rb:66[0m [36m# 投稿のテスト 編集のテスト 表示の確認 opinion編集フォームが表示される[0m
[31mrspec ./spec/spec-2/system/books_spec.rb:69[0m [36m# 投稿のテスト 編集のテスト 表示の確認 Showリンクが表示される[0m
[31mrspec ./spec/spec-2/system/books_spec.rb:72[0m [36m# 投稿のテスト 編集のテスト 表示の確認 Backリンクが表示される[0m
[31mrspec ./spec/spec-2/system/books_spec.rb:77[0m [36m# 投稿のテスト 編集のテスト フォームの確認 編集に成功する[0m
[31mrspec ./spec/spec-2/system/books_spec.rb:83[0m [36m# 投稿のテスト 編集のテスト フォームの確認 編集に失敗する[0m
[31mrspec ./spec/spec-2/system/books_spec.rb:98[0m [36m# 投稿のテスト 一覧画面のテスト 表示の確認 Booksと表示される[0m
[31mrspec ./spec/spec-2/system/books_spec.rb:101[0m [36m# 投稿のテスト 一覧画面のテスト 表示の確認 自分と他人の画像のリンク先が正しい[0m
[31mrspec ./spec/spec-2/system/books_spec.rb:105[0m [36m# 投稿のテスト 一覧画面のテスト 表示の確認 自分と他人のタイトルのリンク先が正しい[0m
[31mrspec ./spec/spec-2/system/books_spec.rb:109[0m [36m# 投稿のテスト 一覧画面のテスト 表示の確認 自分と他人のオピニオンが表示される[0m
[31mrspec ./spec/spec-2/system/books_spec.rb:113[0m [36m# 投稿のテスト 一覧画面のテスト 表示の確認 いいねのハートが表示される[0m
[31mrspec ./spec/spec-2/system/books_spec.rb:117[0m [36m# 投稿のテスト 一覧画面のテスト 表示の確認 いいねのハートが表示される[0m
[31mrspec ./spec/spec-2/system/books_spec.rb:121[0m [36m# 投稿のテスト 一覧画面のテスト 表示の確認 コメント数が表示される[0m
[31mrspec ./spec/spec-2/system/books_spec.rb:127[0m [36m# 投稿のテスト 一覧画面のテスト いいね機能のテスト いいね登録ができる[0m
[31mrspec ./spec/spec-2/system/books_spec.rb:135[0m [36m# 投稿のテスト 一覧画面のテスト いいね機能のテスト いいね解除ができる[0m
[31mrspec ./spec/spec-2/system/books_spec.rb:148[0m [36m# 投稿のテスト 詳細画面のテスト 自分・他人共通の投稿詳細画面の表示を確認 Book detailと表示される[0m
[31mrspec ./spec/spec-2/system/books_spec.rb:152[0m [36m# 投稿のテスト 詳細画面のテスト 自分・他人共通の投稿詳細画面の表示を確認 ユーザー画像・名前のリンク先が正しい[0m
[31mrspec ./spec/spec-2/system/books_spec.rb:156[0m [36m# 投稿のテスト 詳細画面のテスト 自分・他人共通の投稿詳細画面の表示を確認 投稿のtitleが表示される[0m
[31mrspec ./spec/spec-2/system/books_spec.rb:160[0m [36m# 投稿のテスト 詳細画面のテスト 自分・他人共通の投稿詳細画面の表示を確認 投稿のopinionが表示される[0m
[31mrspec ./spec/spec-2/system/books_spec.rb:164[0m [36m# 投稿のテスト 詳細画面のテスト 自分・他人共通の投稿詳細画面の表示を確認 いいね数が表示される[0m
[31mrspec ./spec/spec-2/system/books_spec.rb:168[0m [36m# 投稿のテスト 詳細画面のテスト 自分・他人共通の投稿詳細画面の表示を確認 コメント数が表示される[0m
[31mrspec ./spec/spec-2/system/books_spec.rb:172[0m [36m# 投稿のテスト 詳細画面のテスト 自分・他人共通の投稿詳細画面の表示を確認 いいね登録ができる[0m
[31mrspec ./spec/spec-2/system/books_spec.rb:177[0m [36m# 投稿のテスト 詳細画面のテスト 自分・他人共通の投稿詳細画面の表示を確認 いいね解除ができる[0m
[31mrspec ./spec/spec-2/system/books_spec.rb:184[0m [36m# 投稿のテスト 詳細画面のテスト 自分・他人共通の投稿詳細画面の表示を確認 コメント投稿に成功する[0m
[31mrspec ./spec/spec-2/system/books_spec.rb:193[0m [36m# 投稿のテスト 詳細画面のテスト 自分・他人共通の投稿詳細画面の表示を確認 他ユーザーのコメントは削除ボタンが表示されない[0m
[31mrspec ./spec/spec-2/system/books_spec.rb:200[0m [36m# 投稿のテスト 詳細画面のテスト 自分・他人共通の投稿詳細画面の表示を確認 コメント投稿に失敗する[0m
[31mrspec ./spec/spec-2/system/books_spec.rb:209[0m [36m# 投稿のテスト 詳細画面のテスト 自分の投稿詳細画面の表示を確認 投稿の編集リンクが表示される[0m
[31mrspec ./spec/spec-2/system/books_spec.rb:213[0m [36m# 投稿のテスト 詳細画面のテスト 自分の投稿詳細画面の表示を確認 投稿の削除リンクが表示される[0m
[31mrspec ./spec/spec-2/system/books_spec.rb:219[0m [36m# 投稿のテスト 詳細画面のテスト 他人の投稿詳細画面の表示を確認 投稿の編集リンクが表示されない[0m
[31mrspec ./spec/spec-2/system/books_spec.rb:223[0m [36m# 投稿のテスト 詳細画面のテスト 他人の投稿詳細画面の表示を確認 投稿の削除リンクが表示されない[0m
[31mrspec ./spec/spec-2/system/bootstrap_spec.rb:14[0m [36m# bootstrapのテスト グリッドシステムのテスト ユーザー関連画面 一覧画面[0m
[31mrspec ./spec/spec-2/system/bootstrap_spec.rb:19[0m [36m# bootstrapのテスト グリッドシステムのテスト ユーザー関連画面 詳細画面[0m
[31mrspec ./spec/spec-2/system/bootstrap_spec.rb:26[0m [36m# bootstrapのテスト グリッドシステムのテスト 投稿関連画面 一覧画面[0m
[31mrspec ./spec/spec-2/system/bootstrap_spec.rb:31[0m [36m# bootstrapのテスト グリッドシステムのテスト 投稿関連画面 詳細画面[0m
[31mrspec ./spec/spec-2/system/header_spec.rb:10[0m [36m# ヘッダーのテスト ログインしていない場合 ヘッダーの表示を確認 タイトルが表示される[0m
[31mrspec ./spec/spec-2/system/header_spec.rb:13[0m [36m# ヘッダーのテスト ログインしていない場合 ヘッダーの表示を確認 Homeリンクが表示される[0m
[31mrspec ./spec/spec-2/system/header_spec.rb:18[0m [36m# ヘッダーのテスト ログインしていない場合 ヘッダーの表示を確認 Aboutリンクが表示される[0m
[31mrspec ./spec/spec-2/system/header_spec.rb:23[0m [36m# ヘッダーのテスト ログインしていない場合 ヘッダーの表示を確認 Sign upリンクが表示される[0m
[31mrspec ./spec/spec-2/system/header_spec.rb:28[0m [36m# ヘッダーのテスト ログインしていない場合 ヘッダーの表示を確認 loginリンクが表示される[0m
[31mrspec ./spec/spec-2/system/header_spec.rb:36[0m [36m# ヘッダーのテスト ログインしていない場合 ヘッダーのリンクを確認 Home画面に遷移する[0m
[31mrspec ./spec/spec-2/system/header_spec.rb:43[0m [36m# ヘッダーのテスト ログインしていない場合 ヘッダーのリンクを確認 About画面に遷移する[0m
[31mrspec ./spec/spec-2/system/header_spec.rb:49[0m [36m# ヘッダーのテスト ログインしていない場合 ヘッダーのリンクを確認 新規登録画面に遷移する[0m
[31mrspec ./spec/spec-2/system/header_spec.rb:55[0m [36m# ヘッダーのテスト ログインしていない場合 ヘッダーのリンクを確認 ログイン画面に遷移する[0m
[31mrspec ./spec/spec-2/system/header_spec.rb:74[0m [36m# ヘッダーのテスト ログインしている場合 ヘッダーの表示を確認 タイトルが表示される[0m
[31mrspec ./spec/spec-2/system/header_spec.rb:77[0m [36m# ヘッダーのテスト ログインしている場合 ヘッダーの表示を確認 Homeリンクが表示される[0m
[31mrspec ./spec/spec-2/system/header_spec.rb:81[0m [36m# ヘッダーのテスト ログインしている場合 ヘッダーの表示を確認 Usersリンクが表示される[0m
[31mrspec ./spec/spec-2/system/header_spec.rb:85[0m [36m# ヘッダーのテスト ログインしている場合 ヘッダーの表示を確認 Booksリンクが表示される[0m
[31mrspec ./spec/spec-2/system/header_spec.rb:89[0m [36m# ヘッダーのテスト ログインしている場合 ヘッダーの表示を確認 logoutリンクが表示される[0m
[31mrspec ./spec/spec-2/system/header_spec.rb:97[0m [36m# ヘッダーのテスト ログインしている場合 ヘッダーのリンクを確認 Home画面に遷移する[0m
[31mrspec ./spec/spec-2/system/header_spec.rb:103[0m [36m# ヘッダーのテスト ログインしている場合 ヘッダーのリンクを確認 Users画面に遷移する[0m
[31mrspec ./spec/spec-2/system/header_spec.rb:109[0m [36m# ヘッダーのテスト ログインしている場合 ヘッダーのリンクを確認 Books画面に遷移する[0m
[31mrspec ./spec/spec-2/system/header_spec.rb:115[0m [36m# ヘッダーのテスト ログインしている場合 ヘッダーのリンクを確認 logoutする[0m
[31mrspec ./spec/spec-2/system/main_spec.rb:8[0m [36m# ユーザー権限のテスト ログインしていない場合 投稿関連のURLにアクセス 一覧画面に遷移できない[0m
[31mrspec ./spec/spec-2/system/main_spec.rb:12[0m [36m# ユーザー権限のテスト ログインしていない場合 投稿関連のURLにアクセス 編集画面に遷移できない[0m
[31mrspec ./spec/spec-2/system/main_spec.rb:16[0m [36m# ユーザー権限のテスト ログインしていない場合 投稿関連のURLにアクセス 詳細画面に遷移できない[0m
[31mrspec ./spec/spec-2/system/main_spec.rb:24[0m [36m# ユーザー権限のテスト ログインしていない場合にユーザー関連のURLにアクセス ユーザー関連のURLにアクセス 一覧画面に遷移できない[0m
[31mrspec ./spec/spec-2/system/main_spec.rb:28[0m [36m# ユーザー権限のテスト ログインしていない場合にユーザー関連のURLにアクセス ユーザー関連のURLにアクセス 編集画面に遷移できない[0m
[31mrspec ./spec/spec-2/system/main_spec.rb:32[0m [36m# ユーザー権限のテスト ログインしていない場合にユーザー関連のURLにアクセス ユーザー関連のURLにアクセス 詳細画面に遷移でない[0m
[31mrspec ./spec/spec-2/system/top_spec.rb:10[0m [36m# トップページのテスト ボディ部分のテスト 表示の確認 Log inリンクが表示される[0m
[31mrspec ./spec/spec-2/system/top_spec.rb:15[0m [36m# トップページのテスト ボディ部分のテスト 表示の確認 Sign Upリンクが表示される[0m
[31mrspec ./spec/spec-2/system/top_spec.rb:30[0m [36m# トップページのテスト ボディ部分のテスト ログインしている場合の挙動を確認 Log inリンクをクリックしたらユーザー詳細画面へ遷移する[0m
[31mrspec ./spec/spec-2/system/top_spec.rb:35[0m [36m# トップページのテスト ボディ部分のテスト ログインしている場合の挙動を確認 Sign Upリンクをクリックしたらユーザー詳細画面に遷移する[0m
[31mrspec ./spec/spec-2/system/top_spec.rb:43[0m [36m# トップページのテスト ボディ部分のテスト ログインしていない場合の挙動を確認 Log inリンクをクリックしたらログイン画面へ遷移する[0m
[31mrspec ./spec/spec-2/system/top_spec.rb:48[0m [36m# トップページのテスト ボディ部分のテスト ログインしていない場合の挙動を確認 Sign Upリンクをクリックしたら新規登録画面に遷移する[0m
[31mrspec ./spec/spec-2/system/users_spec.rb:9[0m [36m# ユーザー認証のテスト ユーザー新規登録 新規登録画面に遷移 新規登録に成功する[0m
[31mrspec ./spec/spec-2/system/users_spec.rb:18[0m [36m# ユーザー認証のテスト ユーザー新規登録 新規登録画面に遷移 新規登録に失敗する[0m
[31mrspec ./spec/spec-2/system/users_spec.rb:36[0m [36m# ユーザー認証のテスト ユーザーログイン ログイン画面に遷移 ログインに成功する[0m
[31mrspec ./spec/spec-2/system/users_spec.rb:44[0m [36m# ユーザー認証のテスト ユーザーログイン ログイン画面に遷移 ログインに失敗する[0m
[31mrspec ./spec/spec-2/system/users_spec.rb:67[0m [36m# ユーザーのテスト サイドバーのテスト 表示の確認 User infoと表示される[0m
[31mrspec ./spec/spec-2/system/users_spec.rb:70[0m [36m# ユーザーのテスト サイドバーのテスト 表示の確認 画像が表示される[0m
[31mrspec ./spec/spec-2/system/users_spec.rb:73[0m [36m# ユーザーのテスト サイドバーのテスト 表示の確認 名前が表示される[0m
[31mrspec ./spec/spec-2/system/users_spec.rb:76[0m [36m# ユーザーのテスト サイドバーのテスト 表示の確認 自己紹介が表示される[0m
[31mrspec ./spec/spec-2/system/users_spec.rb:79[0m [36m# ユーザーのテスト サイドバーのテスト 表示の確認 編集リンクが表示される[0m
[31mrspec ./spec/spec-2/system/users_spec.rb:88[0m [36m# ユーザーのテスト 編集のテスト 自分の編集画面への遷移 遷移できる[0m
[31mrspec ./spec/spec-2/system/users_spec.rb:94[0m [36m# ユーザーのテスト 編集のテスト 他人の編集画面への遷移 遷移できない[0m
[31mrspec ./spec/spec-2/system/users_spec.rb:104[0m [36m# ユーザーのテスト 編集のテスト 表示の確認 User infoと表示される[0m
[31mrspec ./spec/spec-2/system/users_spec.rb:107[0m [36m# ユーザーのテスト 編集のテスト 表示の確認 名前編集フォームに自分の名前が表示される[0m
[31mrspec ./spec/spec-2/system/users_spec.rb:110[0m [36m# ユーザーのテスト 編集のテスト 表示の確認 画像編集フォームが表示される[0m
[31mrspec ./spec/spec-2/system/users_spec.rb:113[0m [36m# ユーザーのテスト 編集のテスト 表示の確認 自己紹介編集フォームに自分の自己紹介が表示される[0m
[31mrspec ./spec/spec-2/system/users_spec.rb:116[0m [36m# ユーザーのテスト 編集のテスト 表示の確認 編集に成功する[0m
[31mrspec ./spec/spec-2/system/users_spec.rb:121[0m [36m# ユーザーのテスト 編集のテスト 表示の確認 編集に失敗する[0m
[31mrspec ./spec/spec-2/system/users_spec.rb:136[0m [36m# ユーザーのテスト 一覧画面のテスト 表示の確認 Usersと表示される[0m
[31mrspec ./spec/spec-2/system/users_spec.rb:139[0m [36m# ユーザーのテスト 一覧画面のテスト 表示の確認 自分と他の人の画像が表示される[0m
[31mrspec ./spec/spec-2/system/users_spec.rb:142[0m [36m# ユーザーのテスト 一覧画面のテスト 表示の確認 自分と他の人の名前が表示される[0m
[31mrspec ./spec/spec-2/system/users_spec.rb:146[0m [36m# ユーザーのテスト 一覧画面のテスト 表示の確認 showリンクが表示される[0m
[31mrspec ./spec/spec-2/system/users_spec.rb:157[0m [36m# ユーザーのテスト 詳細画面のテスト 表示の確認 Booksと表示される[0m
[31mrspec ./spec/spec-2/system/users_spec.rb:160[0m [36m# ユーザーのテスト 詳細画面のテスト 表示の確認 投稿一覧のユーザーの画像のリンク先が正しい[0m
[31mrspec ./spec/spec-2/system/users_spec.rb:163[0m [36m# ユーザーのテスト 詳細画面のテスト 表示の確認 投稿一覧のtitleのリンク先が正しい[0m
[31mrspec ./spec/spec-2/system/users_spec.rb:166[0m [36m# ユーザーのテスト 詳細画面のテスト 表示の確認 投稿一覧にopinionが表示される[0m

